TimeQuest Timing Analyzer report for main_module
Sun Jun 02 01:52:09 2019
Quartus Prime Version 17.1.0 Build 590 10/25/2017 SJ Lite Edition


---------------------
; Table of Contents ;
---------------------
  1. Legal Notice
  2. TimeQuest Timing Analyzer Summary
  3. Parallel Compilation
  4. Clocks
  5. Fmax Summary
  6. Setup Summary
  7. Hold Summary
  8. Recovery Summary
  9. Removal Summary
 10. Minimum Pulse Width Summary
 11. Setup: 'clk'
 12. Hold: 'clk'
 13. Recovery: 'clk'
 14. Removal: 'clk'
 15. Setup Transfers
 16. Hold Transfers
 17. Recovery Transfers
 18. Removal Transfers
 19. Report TCCS
 20. Report RSKM
 21. Unconstrained Paths Summary
 22. Clock Status Summary
 23. Unconstrained Input Ports
 24. Unconstrained Output Ports
 25. Unconstrained Input Ports
 26. Unconstrained Output Ports
 27. TimeQuest Timing Analyzer Messages



----------------
; Legal Notice ;
----------------
Copyright (C) 2017  Intel Corporation. All rights reserved.
Your use of Intel Corporation's design tools, logic functions 
and other software and tools, and its AMPP partner logic 
functions, and any output files from any of the foregoing 
(including device programming or simulation files), and any 
associated documentation or information are expressly subject 
to the terms and conditions of the Intel Program License 
Subscription Agreement, the Intel Quartus Prime License Agreement,
the Intel FPGA IP License Agreement, or other applicable license
agreement, including, without limitation, that your use is for
the sole purpose of programming logic devices manufactured by
Intel and sold by Intel or its authorized distributors.  Please
refer to the applicable agreement for further details.



+-----------------------------------------------------------------------------+
; TimeQuest Timing Analyzer Summary                                           ;
+-----------------------+-----------------------------------------------------+
; Quartus Prime Version ; Version 17.1.0 Build 590 10/25/2017 SJ Lite Edition ;
; Timing Analyzer       ; TimeQuest                                           ;
; Revision Name         ; main_module                                         ;
; Device Family         ; MAX II                                              ;
; Device Name           ; EPM1270F256C5                                       ;
; Timing Models         ; Final                                               ;
; Delay Model           ; Slow Model                                          ;
; Rise/Fall Delays      ; Unavailable                                         ;
+-----------------------+-----------------------------------------------------+


+------------------------------------------+
; Parallel Compilation                     ;
+----------------------------+-------------+
; Processors                 ; Number      ;
+----------------------------+-------------+
; Number detected on machine ; 4           ;
; Maximum allowed            ; 2           ;
;                            ;             ;
; Average used               ; 1.00        ;
; Maximum used               ; 1           ;
;                            ;             ;
; Usage by Processor         ; % Time Used ;
;     Processor 1            ; 100.0%      ;
+----------------------------+-------------+


+---------------------------------------------------------------------------------------------------------------------------------------------------------------------------------+
; Clocks                                                                                                                                                                          ;
+------------+------+--------+------------+-------+-------+------------+-----------+-------------+-------+--------+-----------+------------+----------+--------+--------+---------+
; Clock Name ; Type ; Period ; Frequency  ; Rise  ; Fall  ; Duty Cycle ; Divide by ; Multiply by ; Phase ; Offset ; Edge List ; Edge Shift ; Inverted ; Master ; Source ; Targets ;
+------------+------+--------+------------+-------+-------+------------+-----------+-------------+-------+--------+-----------+------------+----------+--------+--------+---------+
; clk        ; Base ; 1.000  ; 1000.0 MHz ; 0.000 ; 0.500 ;            ;           ;             ;       ;        ;           ;            ;          ;        ;        ; { clk } ;
+------------+------+--------+------------+-------+-------+------------+-----------+-------------+-------+--------+-----------+------------+----------+--------+--------+---------+


+-------------------------------------------------+
; Fmax Summary                                    ;
+-----------+-----------------+------------+------+
; Fmax      ; Restricted Fmax ; Clock Name ; Note ;
+-----------+-----------------+------------+------+
; 85.54 MHz ; 85.54 MHz       ; clk        ;      ;
+-----------+-----------------+------------+------+
This panel reports FMAX for every clock in the design, regardless of the user-specified clock periods.  FMAX is only computed for paths where the source and destination registers or ports are driven by the same clock.  Paths of different clocks, including generated clocks, are ignored.  For paths between a clock and its inversion, FMAX is computed as if the rising and falling edges are scaled along with FMAX, such that the duty cycle (in terms of a percentage) is maintained. Altera recommends that you always use clock constraints and other slack reports for sign-off analysis.


+---------------------------------+
; Setup Summary                   ;
+-------+---------+---------------+
; Clock ; Slack   ; End Point TNS ;
+-------+---------+---------------+
; clk   ; -10.690 ; -366.399      ;
+-------+---------+---------------+


+-------------------------------+
; Hold Summary                  ;
+-------+-------+---------------+
; Clock ; Slack ; End Point TNS ;
+-------+-------+---------------+
; clk   ; 1.421 ; 0.000         ;
+-------+-------+---------------+


+--------------------------------+
; Recovery Summary               ;
+-------+--------+---------------+
; Clock ; Slack  ; End Point TNS ;
+-------+--------+---------------+
; clk   ; -6.858 ; -195.172      ;
+-------+--------+---------------+


+-------------------------------+
; Removal Summary               ;
+-------+-------+---------------+
; Clock ; Slack ; End Point TNS ;
+-------+-------+---------------+
; clk   ; 3.953 ; 0.000         ;
+-------+-------+---------------+


+--------------------------------+
; Minimum Pulse Width Summary    ;
+-------+--------+---------------+
; Clock ; Slack  ; End Point TNS ;
+-------+--------+---------------+
; clk   ; -2.289 ; -2.289        ;
+-------+--------+---------------+


+-----------------------------------------------------------------------------------------------------------------------------------------------------------------+
; Setup: 'clk'                                                                                                                                                    ;
+---------+-------------------------------------------------+-------------------------------+--------------+-------------+--------------+------------+------------+
; Slack   ; From Node                                       ; To Node                       ; Launch Clock ; Latch Clock ; Relationship ; Clock Skew ; Data Delay ;
+---------+-------------------------------------------------+-------------------------------+--------------+-------------+--------------+------------+------------+
; -10.690 ; car_indicator:car|location[1]                   ; car_indicator:car|location[0] ; clk          ; clk         ; 1.000        ; 0.000      ; 11.357     ;
; -10.682 ; car_indicator:car|location[1]                   ; car_indicator:car|location[1] ; clk          ; clk         ; 1.000        ; 0.000      ; 11.349     ;
; -10.664 ; car_indicator:car|location[1]                   ; car_indicator:car|location[2] ; clk          ; clk         ; 1.000        ; 0.000      ; 11.331     ;
; -10.506 ; car_indicator:car|location[1]                   ; car_indicator:car|movecnt[1]  ; clk          ; clk         ; 1.000        ; 0.000      ; 11.173     ;
; -10.506 ; car_indicator:car|location[1]                   ; car_indicator:car|movecnt[0]  ; clk          ; clk         ; 1.000        ; 0.000      ; 11.173     ;
; -10.256 ; car_indicator:car|location[0]                   ; car_indicator:car|doorcnt[1]  ; clk          ; clk         ; 1.000        ; 0.000      ; 10.923     ;
; -10.187 ; car_indicator:car|location[0]                   ; car_indicator:car|location[0] ; clk          ; clk         ; 1.000        ; 0.000      ; 10.854     ;
; -10.179 ; car_indicator:car|location[0]                   ; car_indicator:car|location[1] ; clk          ; clk         ; 1.000        ; 0.000      ; 10.846     ;
; -10.161 ; car_indicator:car|location[0]                   ; car_indicator:car|location[2] ; clk          ; clk         ; 1.000        ; 0.000      ; 10.828     ;
; -10.157 ; dest_setter:mcds|dest[0]                        ; car_indicator:car|location[0] ; clk          ; clk         ; 1.000        ; 0.000      ; 10.824     ;
; -10.149 ; dest_setter:mcds|dest[0]                        ; car_indicator:car|location[1] ; clk          ; clk         ; 1.000        ; 0.000      ; 10.816     ;
; -10.131 ; dest_setter:mcds|dest[0]                        ; car_indicator:car|location[2] ; clk          ; clk         ; 1.000        ; 0.000      ; 10.798     ;
; -10.017 ; car_indicator:car|location[0]                   ; car_indicator:car|state[1]    ; clk          ; clk         ; 1.000        ; 0.000      ; 10.684     ;
; -10.003 ; car_indicator:car|location[0]                   ; car_indicator:car|movecnt[1]  ; clk          ; clk         ; 1.000        ; 0.000      ; 10.670     ;
; -10.003 ; car_indicator:car|location[0]                   ; car_indicator:car|movecnt[0]  ; clk          ; clk         ; 1.000        ; 0.000      ; 10.670     ;
; -10.002 ; dest_setter:mcds|pushbutton:btn_out3|push_sig_a ; car_indicator:car|state[1]    ; clk          ; clk         ; 1.000        ; 0.000      ; 10.669     ;
; -9.973  ; dest_setter:mcds|dest[0]                        ; car_indicator:car|movecnt[1]  ; clk          ; clk         ; 1.000        ; 0.000      ; 10.640     ;
; -9.973  ; dest_setter:mcds|dest[0]                        ; car_indicator:car|movecnt[0]  ; clk          ; clk         ; 1.000        ; 0.000      ; 10.640     ;
; -9.927  ; car_indicator:car|location[1]                   ; car_indicator:car|doorcnt[1]  ; clk          ; clk         ; 1.000        ; 0.000      ; 10.594     ;
; -9.913  ; car_indicator:car|location[0]                   ; car_indicator:car|doorcnt[0]  ; clk          ; clk         ; 1.000        ; 0.000      ; 10.580     ;
; -9.828  ; car_indicator:car|location[2]                   ; car_indicator:car|location[0] ; clk          ; clk         ; 1.000        ; 0.000      ; 10.495     ;
; -9.820  ; car_indicator:car|location[2]                   ; car_indicator:car|location[1] ; clk          ; clk         ; 1.000        ; 0.000      ; 10.487     ;
; -9.802  ; car_indicator:car|location[2]                   ; car_indicator:car|location[2] ; clk          ; clk         ; 1.000        ; 0.000      ; 10.469     ;
; -9.801  ; car_indicator:car|location[1]                   ; car_indicator:car|state[1]    ; clk          ; clk         ; 1.000        ; 0.000      ; 10.468     ;
; -9.772  ; dest_setter:mcds|dest[1]                        ; car_indicator:car|location[0] ; clk          ; clk         ; 1.000        ; 0.000      ; 10.439     ;
; -9.764  ; dest_setter:mcds|dest[1]                        ; car_indicator:car|location[1] ; clk          ; clk         ; 1.000        ; 0.000      ; 10.431     ;
; -9.750  ; dest_setter:mcds|pushbutton:btn_car1|push_sig_a ; dest_setter:mcds|dest[1]      ; clk          ; clk         ; 1.000        ; 0.000      ; 10.417     ;
; -9.746  ; dest_setter:mcds|dest[1]                        ; car_indicator:car|location[2] ; clk          ; clk         ; 1.000        ; 0.000      ; 10.413     ;
; -9.707  ; car_indicator:car|location[0]                   ; car_indicator:car|doorcnt[2]  ; clk          ; clk         ; 1.000        ; 0.000      ; 10.374     ;
; -9.666  ; dest_setter:mcds|pushbutton:btn_out3|push_sig_a ; car_indicator:car|location[0] ; clk          ; clk         ; 1.000        ; 0.000      ; 10.333     ;
; -9.658  ; dest_setter:mcds|pushbutton:btn_out3|push_sig_a ; car_indicator:car|location[1] ; clk          ; clk         ; 1.000        ; 0.000      ; 10.325     ;
; -9.644  ; car_indicator:car|location[2]                   ; car_indicator:car|movecnt[1]  ; clk          ; clk         ; 1.000        ; 0.000      ; 10.311     ;
; -9.644  ; car_indicator:car|location[2]                   ; car_indicator:car|movecnt[0]  ; clk          ; clk         ; 1.000        ; 0.000      ; 10.311     ;
; -9.640  ; dest_setter:mcds|pushbutton:btn_out3|push_sig_a ; car_indicator:car|location[2] ; clk          ; clk         ; 1.000        ; 0.000      ; 10.307     ;
; -9.624  ; dest_setter:mcds|pushbutton:btn_out3|push_sig_a ; car_indicator:car|doorcnt[0]  ; clk          ; clk         ; 1.000        ; 0.000      ; 10.291     ;
; -9.589  ; car_indicator:car|location[0]                   ; car_indicator:car|state[0]    ; clk          ; clk         ; 1.000        ; 0.000      ; 10.256     ;
; -9.588  ; dest_setter:mcds|dest[1]                        ; car_indicator:car|movecnt[1]  ; clk          ; clk         ; 1.000        ; 0.000      ; 10.255     ;
; -9.588  ; dest_setter:mcds|dest[1]                        ; car_indicator:car|movecnt[0]  ; clk          ; clk         ; 1.000        ; 0.000      ; 10.255     ;
; -9.584  ; car_indicator:car|location[1]                   ; car_indicator:car|doorcnt[0]  ; clk          ; clk         ; 1.000        ; 0.000      ; 10.251     ;
; -9.581  ; dest_setter:mcds|pushbutton:btn_car4|push_sig_a ; dest_setter:mcds|dest[1]      ; clk          ; clk         ; 1.000        ; 0.000      ; 10.248     ;
; -9.543  ; dest_setter:mcds|pushbutton:btn_out2|push_sig_a ; car_indicator:car|state[1]    ; clk          ; clk         ; 1.000        ; 0.000      ; 10.210     ;
; -9.529  ; dest_setter:mcds|pushbutton:btn_out3|push_sig_a ; car_indicator:car|movecnt[1]  ; clk          ; clk         ; 1.000        ; 0.000      ; 10.196     ;
; -9.529  ; dest_setter:mcds|pushbutton:btn_out3|push_sig_a ; car_indicator:car|movecnt[0]  ; clk          ; clk         ; 1.000        ; 0.000      ; 10.196     ;
; -9.490  ; dest_setter:mcds|pushbutton:btn_out3|push_sig_a ; car_indicator:car|state[0]    ; clk          ; clk         ; 1.000        ; 0.000      ; 10.157     ;
; -9.448  ; dest_setter:mcds|pushbutton:btn_car5|push_sig_a ; dest_setter:mcds|dest[1]      ; clk          ; clk         ; 1.000        ; 0.000      ; 10.115     ;
; -9.431  ; dest_setter:mcds|pushbutton:btn_out4|push_sig_a ; car_indicator:car|state[1]    ; clk          ; clk         ; 1.000        ; 0.000      ; 10.098     ;
; -9.430  ; dest_setter:mcds|dest[2]                        ; car_indicator:car|location[0] ; clk          ; clk         ; 1.000        ; 0.000      ; 10.097     ;
; -9.425  ; dest_setter:mcds|pushbutton:btn_car1|push_sig_a ; dest_setter:mcds|dest[2]      ; clk          ; clk         ; 1.000        ; 0.000      ; 10.092     ;
; -9.425  ; car_indicator:car|location[2]                   ; car_indicator:car|state[1]    ; clk          ; clk         ; 1.000        ; 0.000      ; 10.092     ;
; -9.422  ; dest_setter:mcds|dest[2]                        ; car_indicator:car|location[1] ; clk          ; clk         ; 1.000        ; 0.000      ; 10.089     ;
; -9.404  ; dest_setter:mcds|dest[2]                        ; car_indicator:car|location[2] ; clk          ; clk         ; 1.000        ; 0.000      ; 10.071     ;
; -9.378  ; car_indicator:car|location[1]                   ; car_indicator:car|doorcnt[2]  ; clk          ; clk         ; 1.000        ; 0.000      ; 10.045     ;
; -9.289  ; car_indicator:car|location[1]                   ; car_indicator:car|state[0]    ; clk          ; clk         ; 1.000        ; 0.000      ; 9.956      ;
; -9.256  ; dest_setter:mcds|pushbutton:btn_car4|push_sig_a ; dest_setter:mcds|dest[2]      ; clk          ; clk         ; 1.000        ; 0.000      ; 9.923      ;
; -9.246  ; dest_setter:mcds|dest[2]                        ; car_indicator:car|movecnt[1]  ; clk          ; clk         ; 1.000        ; 0.000      ; 9.913      ;
; -9.246  ; dest_setter:mcds|dest[2]                        ; car_indicator:car|movecnt[0]  ; clk          ; clk         ; 1.000        ; 0.000      ; 9.913      ;
; -9.207  ; dest_setter:mcds|pushbutton:btn_out2|push_sig_a ; car_indicator:car|location[0] ; clk          ; clk         ; 1.000        ; 0.000      ; 9.874      ;
; -9.200  ; dest_setter:mcds|pushbutton:btn_out3|push_sig_a ; car_indicator:car|doorcnt[2]  ; clk          ; clk         ; 1.000        ; 0.000      ; 9.867      ;
; -9.199  ; dest_setter:mcds|pushbutton:btn_out2|push_sig_a ; car_indicator:car|location[1] ; clk          ; clk         ; 1.000        ; 0.000      ; 9.866      ;
; -9.181  ; dest_setter:mcds|pushbutton:btn_out2|push_sig_a ; car_indicator:car|location[2] ; clk          ; clk         ; 1.000        ; 0.000      ; 9.848      ;
; -9.165  ; dest_setter:mcds|pushbutton:btn_out2|push_sig_a ; car_indicator:car|doorcnt[0]  ; clk          ; clk         ; 1.000        ; 0.000      ; 9.832      ;
; -9.123  ; dest_setter:mcds|pushbutton:btn_car5|push_sig_a ; dest_setter:mcds|dest[2]      ; clk          ; clk         ; 1.000        ; 0.000      ; 9.790      ;
; -9.095  ; dest_setter:mcds|pushbutton:btn_out4|push_sig_a ; car_indicator:car|location[0] ; clk          ; clk         ; 1.000        ; 0.000      ; 9.762      ;
; -9.091  ; dest_setter:mcds|pushbutton:btn_out5|push_sig_a ; dest_setter:mcds|dest[1]      ; clk          ; clk         ; 1.000        ; 0.000      ; 9.758      ;
; -9.090  ; dest_setter:mcds|pushbutton:btn_car1|push_sig_a ; dest_setter:mcds|dest[0]      ; clk          ; clk         ; 1.000        ; 0.000      ; 9.757      ;
; -9.087  ; dest_setter:mcds|pushbutton:btn_out4|push_sig_a ; car_indicator:car|location[1] ; clk          ; clk         ; 1.000        ; 0.000      ; 9.754      ;
; -9.070  ; dest_setter:mcds|pushbutton:btn_out2|push_sig_a ; car_indicator:car|movecnt[1]  ; clk          ; clk         ; 1.000        ; 0.000      ; 9.737      ;
; -9.070  ; dest_setter:mcds|pushbutton:btn_out2|push_sig_a ; car_indicator:car|movecnt[0]  ; clk          ; clk         ; 1.000        ; 0.000      ; 9.737      ;
; -9.069  ; dest_setter:mcds|pushbutton:btn_out4|push_sig_a ; car_indicator:car|location[2] ; clk          ; clk         ; 1.000        ; 0.000      ; 9.736      ;
; -9.053  ; dest_setter:mcds|pushbutton:btn_out4|push_sig_a ; car_indicator:car|doorcnt[0]  ; clk          ; clk         ; 1.000        ; 0.000      ; 9.720      ;
; -9.047  ; car_indicator:car|location[2]                   ; car_indicator:car|doorcnt[0]  ; clk          ; clk         ; 1.000        ; 0.000      ; 9.714      ;
; -9.031  ; dest_setter:mcds|pushbutton:btn_out2|push_sig_a ; car_indicator:car|state[0]    ; clk          ; clk         ; 1.000        ; 0.000      ; 9.698      ;
; -8.958  ; dest_setter:mcds|pushbutton:btn_out4|push_sig_a ; car_indicator:car|movecnt[1]  ; clk          ; clk         ; 1.000        ; 0.000      ; 9.625      ;
; -8.958  ; dest_setter:mcds|pushbutton:btn_out4|push_sig_a ; car_indicator:car|movecnt[0]  ; clk          ; clk         ; 1.000        ; 0.000      ; 9.625      ;
; -8.948  ; dest_setter:mcds|pushbutton:btn_car5|push_sig_a ; car_indicator:car|state[1]    ; clk          ; clk         ; 1.000        ; 0.000      ; 9.615      ;
; -8.936  ; dest_setter:mcds|dest[0]                        ; car_indicator:car|state[1]    ; clk          ; clk         ; 1.000        ; 0.000      ; 9.603      ;
; -8.921  ; dest_setter:mcds|pushbutton:btn_car4|push_sig_a ; dest_setter:mcds|dest[0]      ; clk          ; clk         ; 1.000        ; 0.000      ; 9.588      ;
; -8.919  ; dest_setter:mcds|pushbutton:btn_out4|push_sig_a ; car_indicator:car|state[0]    ; clk          ; clk         ; 1.000        ; 0.000      ; 9.586      ;
; -8.913  ; car_indicator:car|location[2]                   ; car_indicator:car|state[0]    ; clk          ; clk         ; 1.000        ; 0.000      ; 9.580      ;
; -8.873  ; dest_setter:mcds|pushbutton:btn_out1|push_sig_a ; car_indicator:car|state[1]    ; clk          ; clk         ; 1.000        ; 0.000      ; 9.540      ;
; -8.844  ; dest_setter:mcds|dest[1]                        ; dest_setter:mcds|dest[1]      ; clk          ; clk         ; 1.000        ; 0.000      ; 9.511      ;
; -8.803  ; dest_setter:mcds|dest[2]                        ; dest_setter:mcds|dest[1]      ; clk          ; clk         ; 1.000        ; 0.000      ; 9.470      ;
; -8.802  ; dest_setter:mcds|pushbutton:btn_car3|push_sig_a ; dest_setter:mcds|dest[1]      ; clk          ; clk         ; 1.000        ; 0.000      ; 9.469      ;
; -8.799  ; dest_setter:mcds|dest[2]                        ; dest_setter:mcds|dest[2]      ; clk          ; clk         ; 1.000        ; 0.000      ; 9.466      ;
; -8.795  ; dest_setter:mcds|pushbutton:btn_car2|push_sig_a ; dest_setter:mcds|dest[1]      ; clk          ; clk         ; 1.000        ; 0.000      ; 9.462      ;
; -8.791  ; counter_1s:uut|count1000[4]                     ; car_indicator:car|doorcnt[1]  ; clk          ; clk         ; 1.000        ; 0.000      ; 9.458      ;
; -8.788  ; dest_setter:mcds|pushbutton:btn_car5|push_sig_a ; dest_setter:mcds|dest[0]      ; clk          ; clk         ; 1.000        ; 0.000      ; 9.455      ;
; -8.774  ; counter_1s:uut|count100[5]                      ; car_indicator:car|doorcnt[1]  ; clk          ; clk         ; 1.000        ; 0.000      ; 9.441      ;
; -8.766  ; dest_setter:mcds|pushbutton:btn_out5|push_sig_a ; dest_setter:mcds|dest[2]      ; clk          ; clk         ; 1.000        ; 0.000      ; 9.433      ;
; -8.760  ; dest_setter:mcds|pushbutton:btn_car3|push_sig_a ; dest_setter:mcds|dest[0]      ; clk          ; clk         ; 1.000        ; 0.000      ; 9.427      ;
; -8.741  ; dest_setter:mcds|pushbutton:btn_out2|push_sig_a ; car_indicator:car|doorcnt[2]  ; clk          ; clk         ; 1.000        ; 0.000      ; 9.408      ;
; -8.740  ; dest_setter:mcds|dest[0]                        ; dest_setter:mcds|dest[0]      ; clk          ; clk         ; 1.000        ; 0.000      ; 9.407      ;
; -8.723  ; counter_1s:uut|count1000[4]                     ; car_indicator:car|movecnt[1]  ; clk          ; clk         ; 1.000        ; 0.000      ; 9.390      ;
; -8.723  ; counter_1s:uut|count1000[4]                     ; car_indicator:car|movecnt[0]  ; clk          ; clk         ; 1.000        ; 0.000      ; 9.390      ;
; -8.718  ; dest_setter:mcds|pushbutton:btn_car2|push_sig_a ; car_indicator:car|state[1]    ; clk          ; clk         ; 1.000        ; 0.000      ; 9.385      ;
; -8.706  ; counter_1s:uut|count100[5]                      ; car_indicator:car|movecnt[1]  ; clk          ; clk         ; 1.000        ; 0.000      ; 9.373      ;
; -8.706  ; counter_1s:uut|count100[5]                      ; car_indicator:car|movecnt[0]  ; clk          ; clk         ; 1.000        ; 0.000      ; 9.373      ;
; -8.686  ; dest_setter:mcds|pushbutton:btn_out2|push_sig_a ; dest_setter:mcds|dest[0]      ; clk          ; clk         ; 1.000        ; 0.000      ; 9.353      ;
; -8.646  ; dest_setter:mcds|dest[2]                        ; car_indicator:car|state[1]    ; clk          ; clk         ; 1.000        ; 0.000      ; 9.313      ;
; -8.637  ; dest_setter:mcds|dest[0]                        ; dest_setter:mcds|dest[1]      ; clk          ; clk         ; 1.000        ; 0.000      ; 9.304      ;
+---------+-------------------------------------------------+-------------------------------+--------------+-------------+--------------+------------+------------+


+-----------------------------------------------------------------------------------------------------------------------------------------------------------------------------------+
; Hold: 'clk'                                                                                                                                                                       ;
+-------+--------------------------------------------------+--------------------------------------------------+--------------+-------------+--------------+------------+------------+
; Slack ; From Node                                        ; To Node                                          ; Launch Clock ; Latch Clock ; Relationship ; Clock Skew ; Data Delay ;
+-------+--------------------------------------------------+--------------------------------------------------+--------------+-------------+--------------+------------+------------+
; 1.421 ; dest_setter:mcds|pushbutton:btn_car5|push_buf_a1 ; dest_setter:mcds|pushbutton:btn_car5|push_buf_a2 ; clk          ; clk         ; 0.000        ; 0.000      ; 1.642      ;
; 1.644 ; dest_setter:mcds|pushbutton:btn_car2|push_buf_a1 ; dest_setter:mcds|pushbutton:btn_car2|push_buf_a2 ; clk          ; clk         ; 0.000        ; 0.000      ; 1.865      ;
; 1.660 ; dest_setter:mcds|pushbutton:btn_out4|push_buf_a1 ; dest_setter:mcds|pushbutton:btn_out4|push_buf_a2 ; clk          ; clk         ; 0.000        ; 0.000      ; 1.881      ;
; 1.663 ; dest_setter:mcds|pushbutton:btn_out3|push_buf_a2 ; dest_setter:mcds|pushbutton:btn_out3|push_sig_a  ; clk          ; clk         ; 0.000        ; 0.000      ; 1.884      ;
; 1.667 ; dest_setter:mcds|pushbutton:btn_out4|push_buf_a1 ; dest_setter:mcds|pushbutton:btn_out4|push_sig_a  ; clk          ; clk         ; 0.000        ; 0.000      ; 1.888      ;
; 1.671 ; dest_setter:mcds|pushbutton:btn_car4|push_buf_a1 ; dest_setter:mcds|pushbutton:btn_car4|push_buf_a2 ; clk          ; clk         ; 0.000        ; 0.000      ; 1.892      ;
; 1.672 ; dest_setter:mcds|pushbutton:btn_car4|push_buf_a1 ; dest_setter:mcds|pushbutton:btn_car4|push_sig_a  ; clk          ; clk         ; 0.000        ; 0.000      ; 1.893      ;
; 1.673 ; dest_setter:mcds|pushbutton:btn_car1|push_buf_a2 ; dest_setter:mcds|pushbutton:btn_car1|push_sig_a  ; clk          ; clk         ; 0.000        ; 0.000      ; 1.894      ;
; 1.673 ; dest_setter:mcds|pushbutton:btn_car1|push_buf_a1 ; dest_setter:mcds|pushbutton:btn_car1|push_buf_a2 ; clk          ; clk         ; 0.000        ; 0.000      ; 1.894      ;
; 1.675 ; dest_setter:mcds|pushbutton:btn_out5|push_buf_a1 ; dest_setter:mcds|pushbutton:btn_out5|push_sig_a  ; clk          ; clk         ; 0.000        ; 0.000      ; 1.896      ;
; 1.675 ; dest_setter:mcds|pushbutton:btn_out1|push_sig_a  ; dest_setter:mcds|pushbutton:btn_out1|push_sig_a  ; clk          ; clk         ; 0.000        ; 0.000      ; 1.896      ;
; 1.678 ; dest_setter:mcds|pushbutton:btn_out5|push_buf_a1 ; dest_setter:mcds|pushbutton:btn_out5|push_buf_a2 ; clk          ; clk         ; 0.000        ; 0.000      ; 1.899      ;
; 1.687 ; car_indicator:car|movecnt[0]                     ; car_indicator:car|movecnt[0]                     ; clk          ; clk         ; 0.000        ; 0.000      ; 1.908      ;
; 1.687 ; counter_1s:uut|countVal[3]                       ; counter_1s:uut|countVal[3]                       ; clk          ; clk         ; 0.000        ; 0.000      ; 1.908      ;
; 1.694 ; car_indicator:car|movecnt[0]                     ; car_indicator:car|movecnt[1]                     ; clk          ; clk         ; 0.000        ; 0.000      ; 1.915      ;
; 1.712 ; counter_1s:uut|countVal[0]                       ; counter_1s:uut|countVal[2]                       ; clk          ; clk         ; 0.000        ; 0.000      ; 1.933      ;
; 1.911 ; dest_setter:mcds|pushbutton:btn_out5|push_buf_a2 ; dest_setter:mcds|pushbutton:btn_out5|push_sig_a  ; clk          ; clk         ; 0.000        ; 0.000      ; 2.132      ;
; 1.918 ; dest_setter:mcds|pushbutton:btn_car4|push_buf_a2 ; dest_setter:mcds|pushbutton:btn_car4|push_sig_a  ; clk          ; clk         ; 0.000        ; 0.000      ; 2.139      ;
; 1.927 ; dest_setter:mcds|pushbutton:btn_out4|push_buf_a2 ; dest_setter:mcds|pushbutton:btn_out4|push_sig_a  ; clk          ; clk         ; 0.000        ; 0.000      ; 2.148      ;
; 1.937 ; dest_setter:mcds|pushbutton:btn_car3|push_sig_a  ; dest_setter:mcds|pushbutton:btn_car3|push_sig_a  ; clk          ; clk         ; 0.000        ; 0.000      ; 2.158      ;
; 1.947 ; dest_setter:mcds|pushbutton:btn_car5|push_buf_a1 ; dest_setter:mcds|pushbutton:btn_car5|push_sig_a  ; clk          ; clk         ; 0.000        ; 0.000      ; 2.168      ;
; 1.950 ; dest_setter:mcds|pushbutton:btn_out2|push_sig_a  ; dest_setter:mcds|pushbutton:btn_out2|push_sig_a  ; clk          ; clk         ; 0.000        ; 0.000      ; 2.171      ;
; 1.953 ; counter_1s:uut|countVal[1]                       ; counter_1s:uut|countVal[1]                       ; clk          ; clk         ; 0.000        ; 0.000      ; 2.174      ;
; 2.104 ; counter_1s:uut|countClk[0]                       ; counter_1s:uut|countClk[1]                       ; clk          ; clk         ; 0.000        ; 0.000      ; 2.325      ;
; 2.129 ; dest_setter:mcds|pushbutton:btn_car5|push_buf_a2 ; dest_setter:mcds|pushbutton:btn_car5|push_sig_a  ; clk          ; clk         ; 0.000        ; 0.000      ; 2.350      ;
; 2.135 ; dest_setter:mcds|pushbutton:btn_out1|push_buf_a2 ; dest_setter:mcds|pushbutton:btn_out1|push_sig_a  ; clk          ; clk         ; 0.000        ; 0.000      ; 2.356      ;
; 2.135 ; dest_setter:mcds|pushbutton:btn_out3|push_sig_a  ; dest_setter:mcds|pushbutton:btn_out3|push_sig_a  ; clk          ; clk         ; 0.000        ; 0.000      ; 2.356      ;
; 2.137 ; dest_setter:mcds|pushbutton:btn_out4|push_sig_a  ; dest_setter:mcds|pushbutton:btn_out4|push_sig_a  ; clk          ; clk         ; 0.000        ; 0.000      ; 2.358      ;
; 2.141 ; car_indicator:car|movecnt[1]                     ; car_indicator:car|movecnt[1]                     ; clk          ; clk         ; 0.000        ; 0.000      ; 2.362      ;
; 2.142 ; dest_setter:mcds|pushbutton:btn_car3|push_buf_a1 ; dest_setter:mcds|pushbutton:btn_car3|push_sig_a  ; clk          ; clk         ; 0.000        ; 0.000      ; 2.363      ;
; 2.143 ; dest_setter:mcds|pushbutton:btn_car1|push_sig_a  ; dest_setter:mcds|pushbutton:btn_car1|push_sig_a  ; clk          ; clk         ; 0.000        ; 0.000      ; 2.364      ;
; 2.155 ; car_indicator:car|movecnt[1]                     ; car_indicator:car|movecnt[0]                     ; clk          ; clk         ; 0.000        ; 0.000      ; 2.376      ;
; 2.166 ; counter_1s:uut|countVal[1]                       ; counter_1s:uut|countVal[2]                       ; clk          ; clk         ; 0.000        ; 0.000      ; 2.387      ;
; 2.171 ; car_indicator:car|state[0]                       ; car_indicator:car|state[0]                       ; clk          ; clk         ; 0.000        ; 0.000      ; 2.392      ;
; 2.171 ; car_indicator:car|location[2]                    ; car_indicator:car|location[2]                    ; clk          ; clk         ; 0.000        ; 0.000      ; 2.392      ;
; 2.171 ; dest_setter:mcds|pushbutton:btn_car2|push_sig_a  ; dest_setter:mcds|pushbutton:btn_car2|push_sig_a  ; clk          ; clk         ; 0.000        ; 0.000      ; 2.392      ;
; 2.181 ; counter_1s:uut|countVal[0]                       ; counter_1s:uut|countVal[0]                       ; clk          ; clk         ; 0.000        ; 0.000      ; 2.402      ;
; 2.183 ; counter_1s:uut|countVal[0]                       ; counter_1s:uut|countVal[1]                       ; clk          ; clk         ; 0.000        ; 0.000      ; 2.404      ;
; 2.186 ; car_indicator:car|doorcnt[2]                     ; car_indicator:car|doorcnt[2]                     ; clk          ; clk         ; 0.000        ; 0.000      ; 2.407      ;
; 2.199 ; car_indicator:car|doorcnt[1]                     ; car_indicator:car|doorcnt[1]                     ; clk          ; clk         ; 0.000        ; 0.000      ; 2.420      ;
; 2.241 ; dest_setter:mcds|pushbutton:btn_car4|push_sig_a  ; dest_setter:mcds|pushbutton:btn_car4|push_sig_a  ; clk          ; clk         ; 0.000        ; 0.000      ; 2.462      ;
; 2.243 ; dest_setter:mcds|pushbutton:btn_car1|push_buf_a1 ; dest_setter:mcds|pushbutton:btn_car1|push_sig_a  ; clk          ; clk         ; 0.000        ; 0.000      ; 2.464      ;
; 2.250 ; dest_setter:mcds|dest[2]                         ; dest_setter:mcds|dest[2]                         ; clk          ; clk         ; 0.000        ; 0.000      ; 2.471      ;
; 2.252 ; dest_setter:mcds|pushbutton:btn_out5|push_sig_a  ; dest_setter:mcds|pushbutton:btn_out5|push_sig_a  ; clk          ; clk         ; 0.000        ; 0.000      ; 2.473      ;
; 2.254 ; dest_setter:mcds|pushbutton:btn_out2|push_buf_a2 ; dest_setter:mcds|pushbutton:btn_out2|push_sig_a  ; clk          ; clk         ; 0.000        ; 0.000      ; 2.475      ;
; 2.274 ; counter_1s:uut|countVal[2]                       ; counter_1s:uut|countVal[2]                       ; clk          ; clk         ; 0.000        ; 0.000      ; 2.495      ;
; 2.281 ; counter_1s:uut|countVal[2]                       ; counter_1s:uut|countVal[3]                       ; clk          ; clk         ; 0.000        ; 0.000      ; 2.502      ;
; 2.284 ; car_indicator:car|doorcnt[0]                     ; car_indicator:car|doorcnt[0]                     ; clk          ; clk         ; 0.000        ; 0.000      ; 2.505      ;
; 2.421 ; car_indicator:car|location[0]                    ; car_indicator:car|location[0]                    ; clk          ; clk         ; 0.000        ; 0.000      ; 2.642      ;
; 2.431 ; car_indicator:car|location[0]                    ; car_indicator:car|location[1]                    ; clk          ; clk         ; 0.000        ; 0.000      ; 2.652      ;
; 2.567 ; counter_1s:uut|countClk[0]                       ; counter_1s:uut|countClk[6]                       ; clk          ; clk         ; 0.000        ; 0.000      ; 2.788      ;
; 2.609 ; counter_1s:uut|countClk[5]                       ; counter_1s:uut|countClk[1]                       ; clk          ; clk         ; 0.000        ; 0.000      ; 2.830      ;
; 2.617 ; dest_setter:mcds|pushbutton:btn_car3|push_buf_a1 ; dest_setter:mcds|pushbutton:btn_car3|push_buf_a2 ; clk          ; clk         ; 0.000        ; 0.000      ; 2.838      ;
; 2.632 ; dest_setter:mcds|pushbutton:btn_car5|push_sig_a  ; dest_setter:mcds|pushbutton:btn_car5|push_sig_a  ; clk          ; clk         ; 0.000        ; 0.000      ; 2.853      ;
; 2.734 ; car_indicator:car|location[1]                    ; car_indicator:car|location[1]                    ; clk          ; clk         ; 0.000        ; 0.000      ; 2.955      ;
; 2.832 ; counter_1s:uut|count100[1]                       ; counter_1s:uut|count100[2]                       ; clk          ; clk         ; 0.000        ; 0.000      ; 3.053      ;
; 2.833 ; counter_1s:uut|count100[1]                       ; counter_1s:uut|count100[6]                       ; clk          ; clk         ; 0.000        ; 0.000      ; 3.054      ;
; 2.903 ; counter_1s:uut|countVal[0]                       ; counter_1s:uut|countVal[3]                       ; clk          ; clk         ; 0.000        ; 0.000      ; 3.124      ;
; 2.941 ; dest_setter:mcds|pushbutton:btn_car2|push_buf_a1 ; dest_setter:mcds|pushbutton:btn_car2|push_sig_a  ; clk          ; clk         ; 0.000        ; 0.000      ; 3.162      ;
; 3.004 ; dest_setter:mcds|pushbutton:btn_car2|push_buf_a2 ; dest_setter:mcds|pushbutton:btn_car2|push_sig_a  ; clk          ; clk         ; 0.000        ; 0.000      ; 3.225      ;
; 3.072 ; counter_1s:uut|countClk[5]                       ; counter_1s:uut|countClk[6]                       ; clk          ; clk         ; 0.000        ; 0.000      ; 3.293      ;
; 3.112 ; counter_1s:uut|countClk[3]                       ; counter_1s:uut|countClk[1]                       ; clk          ; clk         ; 0.000        ; 0.000      ; 3.333      ;
; 3.135 ; counter_1s:uut|count100[1]                       ; counter_1s:uut|count100[5]                       ; clk          ; clk         ; 0.000        ; 0.000      ; 3.356      ;
; 3.166 ; counter_1s:uut|countClk[1]                       ; counter_1s:uut|countClk[1]                       ; clk          ; clk         ; 0.000        ; 0.000      ; 3.387      ;
; 3.248 ; counter_1s:uut|countVal[1]                       ; counter_1s:uut|countVal[3]                       ; clk          ; clk         ; 0.000        ; 0.000      ; 3.469      ;
; 3.273 ; car_indicator:car|doorcnt[0]                     ; car_indicator:car|doorcnt[2]                     ; clk          ; clk         ; 0.000        ; 0.000      ; 3.494      ;
; 3.273 ; car_indicator:car|doorcnt[0]                     ; car_indicator:car|doorcnt[1]                     ; clk          ; clk         ; 0.000        ; 0.000      ; 3.494      ;
; 3.313 ; car_indicator:car|state[1]                       ; car_indicator:car|state[1]                       ; clk          ; clk         ; 0.000        ; 0.000      ; 3.534      ;
; 3.325 ; dest_setter:mcds|dest[0]                         ; dest_setter:mcds|dest[0]                         ; clk          ; clk         ; 0.000        ; 0.000      ; 3.546      ;
; 3.325 ; counter_1s:uut|countClk[2]                       ; counter_1s:uut|countClk[1]                       ; clk          ; clk         ; 0.000        ; 0.000      ; 3.546      ;
; 3.337 ; counter_1s:uut|count100[4]                       ; counter_1s:uut|count100[2]                       ; clk          ; clk         ; 0.000        ; 0.000      ; 3.558      ;
; 3.338 ; counter_1s:uut|count100[4]                       ; counter_1s:uut|count100[6]                       ; clk          ; clk         ; 0.000        ; 0.000      ; 3.559      ;
; 3.367 ; dest_setter:mcds|pushbutton:btn_out1|push_buf_a1 ; dest_setter:mcds|pushbutton:btn_out1|push_buf_a2 ; clk          ; clk         ; 0.000        ; 0.000      ; 3.588      ;
; 3.411 ; dest_setter:mcds|pushbutton:btn_out2|push_buf_a1 ; dest_setter:mcds|pushbutton:btn_out2|push_buf_a2 ; clk          ; clk         ; 0.000        ; 0.000      ; 3.632      ;
; 3.415 ; dest_setter:mcds|pushbutton:btn_out2|push_buf_a1 ; dest_setter:mcds|pushbutton:btn_out2|push_sig_a  ; clk          ; clk         ; 0.000        ; 0.000      ; 3.636      ;
; 3.494 ; car_indicator:car|doorcnt[1]                     ; car_indicator:car|doorcnt[2]                     ; clk          ; clk         ; 0.000        ; 0.000      ; 3.715      ;
; 3.516 ; counter_1s:uut|count100[1]                       ; counter_1s:uut|countVal[0]                       ; clk          ; clk         ; 0.000        ; 0.000      ; 3.737      ;
; 3.575 ; counter_1s:uut|countClk[3]                       ; counter_1s:uut|countClk[6]                       ; clk          ; clk         ; 0.000        ; 0.000      ; 3.796      ;
; 3.602 ; counter_1s:uut|count1000[9]                      ; counter_1s:uut|count1000[9]                      ; clk          ; clk         ; 0.000        ; 0.000      ; 3.823      ;
; 3.629 ; counter_1s:uut|countClk[1]                       ; counter_1s:uut|countClk[6]                       ; clk          ; clk         ; 0.000        ; 0.000      ; 3.850      ;
; 3.639 ; counter_1s:uut|countClk[0]                       ; counter_1s:uut|count1000[1]                      ; clk          ; clk         ; 0.000        ; 0.000      ; 3.860      ;
; 3.640 ; counter_1s:uut|count100[4]                       ; counter_1s:uut|count100[5]                       ; clk          ; clk         ; 0.000        ; 0.000      ; 3.861      ;
; 3.655 ; counter_1s:uut|count100[0]                       ; counter_1s:uut|count100[0]                       ; clk          ; clk         ; 0.000        ; 0.000      ; 3.876      ;
; 3.666 ; counter_1s:uut|countClk[4]                       ; counter_1s:uut|countClk[1]                       ; clk          ; clk         ; 0.000        ; 0.000      ; 3.887      ;
; 3.730 ; counter_1s:uut|countClk[0]                       ; counter_1s:uut|count1000[9]                      ; clk          ; clk         ; 0.000        ; 0.000      ; 3.951      ;
; 3.734 ; counter_1s:uut|countClk[0]                       ; counter_1s:uut|count1000[6]                      ; clk          ; clk         ; 0.000        ; 0.000      ; 3.955      ;
; 3.788 ; counter_1s:uut|countClk[2]                       ; counter_1s:uut|countClk[6]                       ; clk          ; clk         ; 0.000        ; 0.000      ; 4.009      ;
; 3.805 ; car_indicator:car|state[0]                       ; car_indicator:car|movecnt[0]                     ; clk          ; clk         ; 0.000        ; 0.000      ; 4.026      ;
; 3.814 ; car_indicator:car|state[0]                       ; car_indicator:car|movecnt[1]                     ; clk          ; clk         ; 0.000        ; 0.000      ; 4.035      ;
; 3.824 ; counter_1s:uut|countClk[6]                       ; counter_1s:uut|countClk[1]                       ; clk          ; clk         ; 0.000        ; 0.000      ; 4.045      ;
; 3.871 ; counter_1s:uut|count100[0]                       ; counter_1s:uut|count100[2]                       ; clk          ; clk         ; 0.000        ; 0.000      ; 4.092      ;
; 3.872 ; counter_1s:uut|count100[0]                       ; counter_1s:uut|count100[6]                       ; clk          ; clk         ; 0.000        ; 0.000      ; 4.093      ;
; 3.873 ; dest_setter:mcds|pushbutton:btn_out3|push_buf_a1 ; dest_setter:mcds|pushbutton:btn_out3|push_buf_a2 ; clk          ; clk         ; 0.000        ; 0.000      ; 4.094      ;
; 3.892 ; dest_setter:mcds|pushbutton:btn_out1|push_buf_a1 ; dest_setter:mcds|pushbutton:btn_out1|push_sig_a  ; clk          ; clk         ; 0.000        ; 0.000      ; 4.113      ;
; 3.911 ; dest_setter:mcds|dest[1]                         ; dest_setter:mcds|dest[1]                         ; clk          ; clk         ; 0.000        ; 0.000      ; 4.132      ;
; 3.915 ; counter_1s:uut|count1000[3]                      ; counter_1s:uut|count1000[3]                      ; clk          ; clk         ; 0.000        ; 0.000      ; 4.136      ;
; 3.917 ; counter_1s:uut|count100[3]                       ; counter_1s:uut|count100[3]                       ; clk          ; clk         ; 0.000        ; 0.000      ; 4.138      ;
; 3.980 ; counter_1s:uut|count1000[5]                      ; counter_1s:uut|count1000[5]                      ; clk          ; clk         ; 0.000        ; 0.000      ; 4.201      ;
; 3.994 ; dest_setter:mcds|pushbutton:btn_car3|push_buf_a2 ; dest_setter:mcds|pushbutton:btn_car3|push_sig_a  ; clk          ; clk         ; 0.000        ; 0.000      ; 4.215      ;
; 4.021 ; counter_1s:uut|count100[4]                       ; counter_1s:uut|countVal[0]                       ; clk          ; clk         ; 0.000        ; 0.000      ; 4.242      ;
+-------+--------------------------------------------------+--------------------------------------------------+--------------+-------------+--------------+------------+------------+


+-----------------------------------------------------------------------------------------------------------------------------------------------------------------+
; Recovery: 'clk'                                                                                                                                                 ;
+--------+-------------------------------+--------------------------------------------------+--------------+-------------+--------------+------------+------------+
; Slack  ; From Node                     ; To Node                                          ; Launch Clock ; Latch Clock ; Relationship ; Clock Skew ; Data Delay ;
+--------+-------------------------------+--------------------------------------------------+--------------+-------------+--------------+------------+------------+
; -6.858 ; car_indicator:car|state[1]    ; dest_setter:mcds|pushbutton:btn_out5|push_sig_a  ; clk          ; clk         ; 1.000        ; 0.000      ; 7.525      ;
; -6.858 ; car_indicator:car|state[1]    ; dest_setter:mcds|pushbutton:btn_car5|push_sig_a  ; clk          ; clk         ; 1.000        ; 0.000      ; 7.525      ;
; -6.858 ; car_indicator:car|state[1]    ; dest_setter:mcds|pushbutton:btn_car5|push_buf_a1 ; clk          ; clk         ; 1.000        ; 0.000      ; 7.525      ;
; -6.858 ; car_indicator:car|state[1]    ; dest_setter:mcds|pushbutton:btn_car5|push_buf_a2 ; clk          ; clk         ; 1.000        ; 0.000      ; 7.525      ;
; -6.858 ; car_indicator:car|state[1]    ; dest_setter:mcds|pushbutton:btn_out5|push_buf_a1 ; clk          ; clk         ; 1.000        ; 0.000      ; 7.525      ;
; -6.858 ; car_indicator:car|state[1]    ; dest_setter:mcds|pushbutton:btn_out5|push_buf_a2 ; clk          ; clk         ; 1.000        ; 0.000      ; 7.525      ;
; -6.701 ; car_indicator:car|state[1]    ; dest_setter:mcds|pushbutton:btn_car2|push_sig_a  ; clk          ; clk         ; 1.000        ; 0.000      ; 7.368      ;
; -6.701 ; car_indicator:car|state[1]    ; dest_setter:mcds|pushbutton:btn_out2|push_sig_a  ; clk          ; clk         ; 1.000        ; 0.000      ; 7.368      ;
; -6.701 ; car_indicator:car|state[1]    ; dest_setter:mcds|pushbutton:btn_car2|push_buf_a1 ; clk          ; clk         ; 1.000        ; 0.000      ; 7.368      ;
; -6.701 ; car_indicator:car|state[1]    ; dest_setter:mcds|pushbutton:btn_car2|push_buf_a2 ; clk          ; clk         ; 1.000        ; 0.000      ; 7.368      ;
; -6.701 ; car_indicator:car|state[1]    ; dest_setter:mcds|pushbutton:btn_out2|push_buf_a1 ; clk          ; clk         ; 1.000        ; 0.000      ; 7.368      ;
; -6.701 ; car_indicator:car|state[1]    ; dest_setter:mcds|pushbutton:btn_out2|push_buf_a2 ; clk          ; clk         ; 1.000        ; 0.000      ; 7.368      ;
; -6.689 ; car_indicator:car|state[1]    ; dest_setter:mcds|pushbutton:btn_car1|push_sig_a  ; clk          ; clk         ; 1.000        ; 0.000      ; 7.356      ;
; -6.689 ; car_indicator:car|state[1]    ; dest_setter:mcds|pushbutton:btn_out1|push_sig_a  ; clk          ; clk         ; 1.000        ; 0.000      ; 7.356      ;
; -6.689 ; car_indicator:car|state[1]    ; dest_setter:mcds|pushbutton:btn_car1|push_buf_a1 ; clk          ; clk         ; 1.000        ; 0.000      ; 7.356      ;
; -6.689 ; car_indicator:car|state[1]    ; dest_setter:mcds|pushbutton:btn_car1|push_buf_a2 ; clk          ; clk         ; 1.000        ; 0.000      ; 7.356      ;
; -6.689 ; car_indicator:car|state[1]    ; dest_setter:mcds|pushbutton:btn_out1|push_buf_a1 ; clk          ; clk         ; 1.000        ; 0.000      ; 7.356      ;
; -6.689 ; car_indicator:car|state[1]    ; dest_setter:mcds|pushbutton:btn_out1|push_buf_a2 ; clk          ; clk         ; 1.000        ; 0.000      ; 7.356      ;
; -6.675 ; car_indicator:car|location[1] ; dest_setter:mcds|pushbutton:btn_out5|push_sig_a  ; clk          ; clk         ; 1.000        ; 0.000      ; 7.342      ;
; -6.675 ; car_indicator:car|location[1] ; dest_setter:mcds|pushbutton:btn_car5|push_sig_a  ; clk          ; clk         ; 1.000        ; 0.000      ; 7.342      ;
; -6.675 ; car_indicator:car|location[1] ; dest_setter:mcds|pushbutton:btn_car5|push_buf_a1 ; clk          ; clk         ; 1.000        ; 0.000      ; 7.342      ;
; -6.675 ; car_indicator:car|location[1] ; dest_setter:mcds|pushbutton:btn_car5|push_buf_a2 ; clk          ; clk         ; 1.000        ; 0.000      ; 7.342      ;
; -6.675 ; car_indicator:car|location[1] ; dest_setter:mcds|pushbutton:btn_out5|push_buf_a1 ; clk          ; clk         ; 1.000        ; 0.000      ; 7.342      ;
; -6.675 ; car_indicator:car|location[1] ; dest_setter:mcds|pushbutton:btn_out5|push_buf_a2 ; clk          ; clk         ; 1.000        ; 0.000      ; 7.342      ;
; -6.645 ; car_indicator:car|state[1]    ; dest_setter:mcds|pushbutton:btn_out3|push_sig_a  ; clk          ; clk         ; 1.000        ; 0.000      ; 7.312      ;
; -6.645 ; car_indicator:car|state[1]    ; dest_setter:mcds|pushbutton:btn_out3|push_buf_a2 ; clk          ; clk         ; 1.000        ; 0.000      ; 7.312      ;
; -6.571 ; car_indicator:car|state[1]    ; dest_setter:mcds|pushbutton:btn_car3|push_sig_a  ; clk          ; clk         ; 1.000        ; 0.000      ; 7.238      ;
; -6.571 ; car_indicator:car|state[1]    ; dest_setter:mcds|pushbutton:btn_car3|push_buf_a1 ; clk          ; clk         ; 1.000        ; 0.000      ; 7.238      ;
; -6.506 ; car_indicator:car|location[1] ; dest_setter:mcds|pushbutton:btn_car1|push_sig_a  ; clk          ; clk         ; 1.000        ; 0.000      ; 7.173      ;
; -6.506 ; car_indicator:car|location[1] ; dest_setter:mcds|pushbutton:btn_out1|push_sig_a  ; clk          ; clk         ; 1.000        ; 0.000      ; 7.173      ;
; -6.506 ; car_indicator:car|location[1] ; dest_setter:mcds|pushbutton:btn_car1|push_buf_a1 ; clk          ; clk         ; 1.000        ; 0.000      ; 7.173      ;
; -6.506 ; car_indicator:car|location[1] ; dest_setter:mcds|pushbutton:btn_car1|push_buf_a2 ; clk          ; clk         ; 1.000        ; 0.000      ; 7.173      ;
; -6.506 ; car_indicator:car|location[1] ; dest_setter:mcds|pushbutton:btn_out1|push_buf_a1 ; clk          ; clk         ; 1.000        ; 0.000      ; 7.173      ;
; -6.506 ; car_indicator:car|location[1] ; dest_setter:mcds|pushbutton:btn_out1|push_buf_a2 ; clk          ; clk         ; 1.000        ; 0.000      ; 7.173      ;
; -6.504 ; car_indicator:car|location[1] ; dest_setter:mcds|pushbutton:btn_car2|push_sig_a  ; clk          ; clk         ; 1.000        ; 0.000      ; 7.171      ;
; -6.504 ; car_indicator:car|location[1] ; dest_setter:mcds|pushbutton:btn_out2|push_sig_a  ; clk          ; clk         ; 1.000        ; 0.000      ; 7.171      ;
; -6.504 ; car_indicator:car|location[1] ; dest_setter:mcds|pushbutton:btn_car2|push_buf_a1 ; clk          ; clk         ; 1.000        ; 0.000      ; 7.171      ;
; -6.504 ; car_indicator:car|location[1] ; dest_setter:mcds|pushbutton:btn_car2|push_buf_a2 ; clk          ; clk         ; 1.000        ; 0.000      ; 7.171      ;
; -6.504 ; car_indicator:car|location[1] ; dest_setter:mcds|pushbutton:btn_out2|push_buf_a1 ; clk          ; clk         ; 1.000        ; 0.000      ; 7.171      ;
; -6.504 ; car_indicator:car|location[1] ; dest_setter:mcds|pushbutton:btn_out2|push_buf_a2 ; clk          ; clk         ; 1.000        ; 0.000      ; 7.171      ;
; -6.448 ; car_indicator:car|location[1] ; dest_setter:mcds|pushbutton:btn_out3|push_sig_a  ; clk          ; clk         ; 1.000        ; 0.000      ; 7.115      ;
; -6.448 ; car_indicator:car|location[1] ; dest_setter:mcds|pushbutton:btn_out3|push_buf_a2 ; clk          ; clk         ; 1.000        ; 0.000      ; 7.115      ;
; -6.374 ; car_indicator:car|location[1] ; dest_setter:mcds|pushbutton:btn_car3|push_sig_a  ; clk          ; clk         ; 1.000        ; 0.000      ; 7.041      ;
; -6.374 ; car_indicator:car|location[1] ; dest_setter:mcds|pushbutton:btn_car3|push_buf_a1 ; clk          ; clk         ; 1.000        ; 0.000      ; 7.041      ;
; -6.344 ; car_indicator:car|location[0] ; dest_setter:mcds|pushbutton:btn_out5|push_sig_a  ; clk          ; clk         ; 1.000        ; 0.000      ; 7.011      ;
; -6.344 ; car_indicator:car|location[0] ; dest_setter:mcds|pushbutton:btn_car5|push_sig_a  ; clk          ; clk         ; 1.000        ; 0.000      ; 7.011      ;
; -6.344 ; car_indicator:car|location[0] ; dest_setter:mcds|pushbutton:btn_car5|push_buf_a1 ; clk          ; clk         ; 1.000        ; 0.000      ; 7.011      ;
; -6.344 ; car_indicator:car|location[0] ; dest_setter:mcds|pushbutton:btn_car5|push_buf_a2 ; clk          ; clk         ; 1.000        ; 0.000      ; 7.011      ;
; -6.344 ; car_indicator:car|location[0] ; dest_setter:mcds|pushbutton:btn_out5|push_buf_a1 ; clk          ; clk         ; 1.000        ; 0.000      ; 7.011      ;
; -6.344 ; car_indicator:car|location[0] ; dest_setter:mcds|pushbutton:btn_out5|push_buf_a2 ; clk          ; clk         ; 1.000        ; 0.000      ; 7.011      ;
; -6.342 ; car_indicator:car|state[1]    ; dest_setter:mcds|pushbutton:btn_out3|push_buf_a1 ; clk          ; clk         ; 1.000        ; 0.000      ; 7.009      ;
; -6.224 ; car_indicator:car|location[0] ; dest_setter:mcds|pushbutton:btn_car2|push_sig_a  ; clk          ; clk         ; 1.000        ; 0.000      ; 6.891      ;
; -6.224 ; car_indicator:car|location[0] ; dest_setter:mcds|pushbutton:btn_out2|push_sig_a  ; clk          ; clk         ; 1.000        ; 0.000      ; 6.891      ;
; -6.224 ; car_indicator:car|location[0] ; dest_setter:mcds|pushbutton:btn_car2|push_buf_a1 ; clk          ; clk         ; 1.000        ; 0.000      ; 6.891      ;
; -6.224 ; car_indicator:car|location[0] ; dest_setter:mcds|pushbutton:btn_car2|push_buf_a2 ; clk          ; clk         ; 1.000        ; 0.000      ; 6.891      ;
; -6.224 ; car_indicator:car|location[0] ; dest_setter:mcds|pushbutton:btn_out2|push_buf_a1 ; clk          ; clk         ; 1.000        ; 0.000      ; 6.891      ;
; -6.224 ; car_indicator:car|location[0] ; dest_setter:mcds|pushbutton:btn_out2|push_buf_a2 ; clk          ; clk         ; 1.000        ; 0.000      ; 6.891      ;
; -6.212 ; car_indicator:car|location[2] ; dest_setter:mcds|pushbutton:btn_car1|push_sig_a  ; clk          ; clk         ; 1.000        ; 0.000      ; 6.879      ;
; -6.212 ; car_indicator:car|location[2] ; dest_setter:mcds|pushbutton:btn_out1|push_sig_a  ; clk          ; clk         ; 1.000        ; 0.000      ; 6.879      ;
; -6.212 ; car_indicator:car|location[2] ; dest_setter:mcds|pushbutton:btn_car1|push_buf_a1 ; clk          ; clk         ; 1.000        ; 0.000      ; 6.879      ;
; -6.212 ; car_indicator:car|location[2] ; dest_setter:mcds|pushbutton:btn_car1|push_buf_a2 ; clk          ; clk         ; 1.000        ; 0.000      ; 6.879      ;
; -6.212 ; car_indicator:car|location[2] ; dest_setter:mcds|pushbutton:btn_out1|push_buf_a1 ; clk          ; clk         ; 1.000        ; 0.000      ; 6.879      ;
; -6.212 ; car_indicator:car|location[2] ; dest_setter:mcds|pushbutton:btn_out1|push_buf_a2 ; clk          ; clk         ; 1.000        ; 0.000      ; 6.879      ;
; -6.181 ; car_indicator:car|location[2] ; dest_setter:mcds|pushbutton:btn_car2|push_sig_a  ; clk          ; clk         ; 1.000        ; 0.000      ; 6.848      ;
; -6.181 ; car_indicator:car|location[2] ; dest_setter:mcds|pushbutton:btn_out2|push_sig_a  ; clk          ; clk         ; 1.000        ; 0.000      ; 6.848      ;
; -6.181 ; car_indicator:car|location[2] ; dest_setter:mcds|pushbutton:btn_car2|push_buf_a1 ; clk          ; clk         ; 1.000        ; 0.000      ; 6.848      ;
; -6.181 ; car_indicator:car|location[2] ; dest_setter:mcds|pushbutton:btn_car2|push_buf_a2 ; clk          ; clk         ; 1.000        ; 0.000      ; 6.848      ;
; -6.181 ; car_indicator:car|location[2] ; dest_setter:mcds|pushbutton:btn_out2|push_buf_a1 ; clk          ; clk         ; 1.000        ; 0.000      ; 6.848      ;
; -6.181 ; car_indicator:car|location[2] ; dest_setter:mcds|pushbutton:btn_out2|push_buf_a2 ; clk          ; clk         ; 1.000        ; 0.000      ; 6.848      ;
; -6.175 ; car_indicator:car|location[0] ; dest_setter:mcds|pushbutton:btn_car1|push_sig_a  ; clk          ; clk         ; 1.000        ; 0.000      ; 6.842      ;
; -6.175 ; car_indicator:car|location[0] ; dest_setter:mcds|pushbutton:btn_out1|push_sig_a  ; clk          ; clk         ; 1.000        ; 0.000      ; 6.842      ;
; -6.175 ; car_indicator:car|location[0] ; dest_setter:mcds|pushbutton:btn_car1|push_buf_a1 ; clk          ; clk         ; 1.000        ; 0.000      ; 6.842      ;
; -6.175 ; car_indicator:car|location[0] ; dest_setter:mcds|pushbutton:btn_car1|push_buf_a2 ; clk          ; clk         ; 1.000        ; 0.000      ; 6.842      ;
; -6.175 ; car_indicator:car|location[0] ; dest_setter:mcds|pushbutton:btn_out1|push_buf_a1 ; clk          ; clk         ; 1.000        ; 0.000      ; 6.842      ;
; -6.175 ; car_indicator:car|location[0] ; dest_setter:mcds|pushbutton:btn_out1|push_buf_a2 ; clk          ; clk         ; 1.000        ; 0.000      ; 6.842      ;
; -6.145 ; car_indicator:car|location[1] ; dest_setter:mcds|pushbutton:btn_out3|push_buf_a1 ; clk          ; clk         ; 1.000        ; 0.000      ; 6.812      ;
; -6.125 ; car_indicator:car|location[2] ; dest_setter:mcds|pushbutton:btn_out3|push_sig_a  ; clk          ; clk         ; 1.000        ; 0.000      ; 6.792      ;
; -6.125 ; car_indicator:car|location[2] ; dest_setter:mcds|pushbutton:btn_out3|push_buf_a2 ; clk          ; clk         ; 1.000        ; 0.000      ; 6.792      ;
; -6.051 ; car_indicator:car|location[2] ; dest_setter:mcds|pushbutton:btn_car3|push_sig_a  ; clk          ; clk         ; 1.000        ; 0.000      ; 6.718      ;
; -6.051 ; car_indicator:car|location[2] ; dest_setter:mcds|pushbutton:btn_car3|push_buf_a1 ; clk          ; clk         ; 1.000        ; 0.000      ; 6.718      ;
; -5.933 ; car_indicator:car|location[2] ; dest_setter:mcds|pushbutton:btn_car4|push_sig_a  ; clk          ; clk         ; 1.000        ; 0.000      ; 6.600      ;
; -5.933 ; car_indicator:car|location[2] ; dest_setter:mcds|pushbutton:btn_out4|push_sig_a  ; clk          ; clk         ; 1.000        ; 0.000      ; 6.600      ;
; -5.933 ; car_indicator:car|location[2] ; dest_setter:mcds|pushbutton:btn_car4|push_buf_a1 ; clk          ; clk         ; 1.000        ; 0.000      ; 6.600      ;
; -5.933 ; car_indicator:car|location[2] ; dest_setter:mcds|pushbutton:btn_car4|push_buf_a2 ; clk          ; clk         ; 1.000        ; 0.000      ; 6.600      ;
; -5.933 ; car_indicator:car|location[2] ; dest_setter:mcds|pushbutton:btn_out4|push_buf_a1 ; clk          ; clk         ; 1.000        ; 0.000      ; 6.600      ;
; -5.933 ; car_indicator:car|location[2] ; dest_setter:mcds|pushbutton:btn_out4|push_buf_a2 ; clk          ; clk         ; 1.000        ; 0.000      ; 6.600      ;
; -5.822 ; car_indicator:car|location[2] ; dest_setter:mcds|pushbutton:btn_out3|push_buf_a1 ; clk          ; clk         ; 1.000        ; 0.000      ; 6.489      ;
; -5.794 ; car_indicator:car|location[2] ; dest_setter:mcds|pushbutton:btn_out5|push_sig_a  ; clk          ; clk         ; 1.000        ; 0.000      ; 6.461      ;
; -5.794 ; car_indicator:car|location[2] ; dest_setter:mcds|pushbutton:btn_car5|push_sig_a  ; clk          ; clk         ; 1.000        ; 0.000      ; 6.461      ;
; -5.794 ; car_indicator:car|location[2] ; dest_setter:mcds|pushbutton:btn_car5|push_buf_a1 ; clk          ; clk         ; 1.000        ; 0.000      ; 6.461      ;
; -5.794 ; car_indicator:car|location[2] ; dest_setter:mcds|pushbutton:btn_car5|push_buf_a2 ; clk          ; clk         ; 1.000        ; 0.000      ; 6.461      ;
; -5.794 ; car_indicator:car|location[2] ; dest_setter:mcds|pushbutton:btn_out5|push_buf_a1 ; clk          ; clk         ; 1.000        ; 0.000      ; 6.461      ;
; -5.794 ; car_indicator:car|location[2] ; dest_setter:mcds|pushbutton:btn_out5|push_buf_a2 ; clk          ; clk         ; 1.000        ; 0.000      ; 6.461      ;
; -5.755 ; car_indicator:car|location[0] ; dest_setter:mcds|pushbutton:btn_car4|push_sig_a  ; clk          ; clk         ; 1.000        ; 0.000      ; 6.422      ;
; -5.755 ; car_indicator:car|location[0] ; dest_setter:mcds|pushbutton:btn_out4|push_sig_a  ; clk          ; clk         ; 1.000        ; 0.000      ; 6.422      ;
; -5.755 ; car_indicator:car|location[0] ; dest_setter:mcds|pushbutton:btn_car4|push_buf_a1 ; clk          ; clk         ; 1.000        ; 0.000      ; 6.422      ;
; -5.755 ; car_indicator:car|location[0] ; dest_setter:mcds|pushbutton:btn_car4|push_buf_a2 ; clk          ; clk         ; 1.000        ; 0.000      ; 6.422      ;
; -5.755 ; car_indicator:car|location[0] ; dest_setter:mcds|pushbutton:btn_out4|push_buf_a1 ; clk          ; clk         ; 1.000        ; 0.000      ; 6.422      ;
; -5.755 ; car_indicator:car|location[0] ; dest_setter:mcds|pushbutton:btn_out4|push_buf_a2 ; clk          ; clk         ; 1.000        ; 0.000      ; 6.422      ;
; -5.421 ; car_indicator:car|location[1] ; dest_setter:mcds|pushbutton:btn_car4|push_sig_a  ; clk          ; clk         ; 1.000        ; 0.000      ; 6.088      ;
+--------+-------------------------------+--------------------------------------------------+--------------+-------------+--------------+------------+------------+


+----------------------------------------------------------------------------------------------------------------------------------------------------------------+
; Removal: 'clk'                                                                                                                                                 ;
+-------+-------------------------------+--------------------------------------------------+--------------+-------------+--------------+------------+------------+
; Slack ; From Node                     ; To Node                                          ; Launch Clock ; Latch Clock ; Relationship ; Clock Skew ; Data Delay ;
+-------+-------------------------------+--------------------------------------------------+--------------+-------------+--------------+------------+------------+
; 3.953 ; car_indicator:car|location[0] ; dest_setter:mcds|pushbutton:btn_car3|push_buf_a2 ; clk          ; clk         ; 0.000        ; 0.000      ; 4.174      ;
; 4.983 ; car_indicator:car|location[0] ; dest_setter:mcds|pushbutton:btn_out3|push_buf_a1 ; clk          ; clk         ; 0.000        ; 0.000      ; 5.204      ;
; 5.212 ; car_indicator:car|location[0] ; dest_setter:mcds|pushbutton:btn_car3|push_sig_a  ; clk          ; clk         ; 0.000        ; 0.000      ; 5.433      ;
; 5.212 ; car_indicator:car|location[0] ; dest_setter:mcds|pushbutton:btn_car3|push_buf_a1 ; clk          ; clk         ; 0.000        ; 0.000      ; 5.433      ;
; 5.238 ; car_indicator:car|location[2] ; dest_setter:mcds|pushbutton:btn_car3|push_buf_a2 ; clk          ; clk         ; 0.000        ; 0.000      ; 5.459      ;
; 5.286 ; car_indicator:car|location[0] ; dest_setter:mcds|pushbutton:btn_out3|push_sig_a  ; clk          ; clk         ; 0.000        ; 0.000      ; 5.507      ;
; 5.286 ; car_indicator:car|location[0] ; dest_setter:mcds|pushbutton:btn_out3|push_buf_a2 ; clk          ; clk         ; 0.000        ; 0.000      ; 5.507      ;
; 5.507 ; car_indicator:car|state[1]    ; dest_setter:mcds|pushbutton:btn_car4|push_sig_a  ; clk          ; clk         ; 0.000        ; 0.000      ; 5.728      ;
; 5.507 ; car_indicator:car|state[1]    ; dest_setter:mcds|pushbutton:btn_out4|push_sig_a  ; clk          ; clk         ; 0.000        ; 0.000      ; 5.728      ;
; 5.507 ; car_indicator:car|state[1]    ; dest_setter:mcds|pushbutton:btn_car4|push_buf_a1 ; clk          ; clk         ; 0.000        ; 0.000      ; 5.728      ;
; 5.507 ; car_indicator:car|state[1]    ; dest_setter:mcds|pushbutton:btn_car4|push_buf_a2 ; clk          ; clk         ; 0.000        ; 0.000      ; 5.728      ;
; 5.507 ; car_indicator:car|state[1]    ; dest_setter:mcds|pushbutton:btn_out4|push_buf_a1 ; clk          ; clk         ; 0.000        ; 0.000      ; 5.728      ;
; 5.507 ; car_indicator:car|state[1]    ; dest_setter:mcds|pushbutton:btn_out4|push_buf_a2 ; clk          ; clk         ; 0.000        ; 0.000      ; 5.728      ;
; 5.561 ; car_indicator:car|location[1] ; dest_setter:mcds|pushbutton:btn_car3|push_buf_a2 ; clk          ; clk         ; 0.000        ; 0.000      ; 5.782      ;
; 5.758 ; car_indicator:car|state[1]    ; dest_setter:mcds|pushbutton:btn_car3|push_buf_a2 ; clk          ; clk         ; 0.000        ; 0.000      ; 5.979      ;
; 5.867 ; car_indicator:car|location[1] ; dest_setter:mcds|pushbutton:btn_car4|push_sig_a  ; clk          ; clk         ; 0.000        ; 0.000      ; 6.088      ;
; 5.867 ; car_indicator:car|location[1] ; dest_setter:mcds|pushbutton:btn_out4|push_sig_a  ; clk          ; clk         ; 0.000        ; 0.000      ; 6.088      ;
; 5.867 ; car_indicator:car|location[1] ; dest_setter:mcds|pushbutton:btn_car4|push_buf_a1 ; clk          ; clk         ; 0.000        ; 0.000      ; 6.088      ;
; 5.867 ; car_indicator:car|location[1] ; dest_setter:mcds|pushbutton:btn_car4|push_buf_a2 ; clk          ; clk         ; 0.000        ; 0.000      ; 6.088      ;
; 5.867 ; car_indicator:car|location[1] ; dest_setter:mcds|pushbutton:btn_out4|push_buf_a1 ; clk          ; clk         ; 0.000        ; 0.000      ; 6.088      ;
; 5.867 ; car_indicator:car|location[1] ; dest_setter:mcds|pushbutton:btn_out4|push_buf_a2 ; clk          ; clk         ; 0.000        ; 0.000      ; 6.088      ;
; 6.201 ; car_indicator:car|location[0] ; dest_setter:mcds|pushbutton:btn_car4|push_sig_a  ; clk          ; clk         ; 0.000        ; 0.000      ; 6.422      ;
; 6.201 ; car_indicator:car|location[0] ; dest_setter:mcds|pushbutton:btn_out4|push_sig_a  ; clk          ; clk         ; 0.000        ; 0.000      ; 6.422      ;
; 6.201 ; car_indicator:car|location[0] ; dest_setter:mcds|pushbutton:btn_car4|push_buf_a1 ; clk          ; clk         ; 0.000        ; 0.000      ; 6.422      ;
; 6.201 ; car_indicator:car|location[0] ; dest_setter:mcds|pushbutton:btn_car4|push_buf_a2 ; clk          ; clk         ; 0.000        ; 0.000      ; 6.422      ;
; 6.201 ; car_indicator:car|location[0] ; dest_setter:mcds|pushbutton:btn_out4|push_buf_a1 ; clk          ; clk         ; 0.000        ; 0.000      ; 6.422      ;
; 6.201 ; car_indicator:car|location[0] ; dest_setter:mcds|pushbutton:btn_out4|push_buf_a2 ; clk          ; clk         ; 0.000        ; 0.000      ; 6.422      ;
; 6.240 ; car_indicator:car|location[2] ; dest_setter:mcds|pushbutton:btn_out5|push_sig_a  ; clk          ; clk         ; 0.000        ; 0.000      ; 6.461      ;
; 6.240 ; car_indicator:car|location[2] ; dest_setter:mcds|pushbutton:btn_car5|push_sig_a  ; clk          ; clk         ; 0.000        ; 0.000      ; 6.461      ;
; 6.240 ; car_indicator:car|location[2] ; dest_setter:mcds|pushbutton:btn_car5|push_buf_a1 ; clk          ; clk         ; 0.000        ; 0.000      ; 6.461      ;
; 6.240 ; car_indicator:car|location[2] ; dest_setter:mcds|pushbutton:btn_car5|push_buf_a2 ; clk          ; clk         ; 0.000        ; 0.000      ; 6.461      ;
; 6.240 ; car_indicator:car|location[2] ; dest_setter:mcds|pushbutton:btn_out5|push_buf_a1 ; clk          ; clk         ; 0.000        ; 0.000      ; 6.461      ;
; 6.240 ; car_indicator:car|location[2] ; dest_setter:mcds|pushbutton:btn_out5|push_buf_a2 ; clk          ; clk         ; 0.000        ; 0.000      ; 6.461      ;
; 6.268 ; car_indicator:car|location[2] ; dest_setter:mcds|pushbutton:btn_out3|push_buf_a1 ; clk          ; clk         ; 0.000        ; 0.000      ; 6.489      ;
; 6.379 ; car_indicator:car|location[2] ; dest_setter:mcds|pushbutton:btn_car4|push_sig_a  ; clk          ; clk         ; 0.000        ; 0.000      ; 6.600      ;
; 6.379 ; car_indicator:car|location[2] ; dest_setter:mcds|pushbutton:btn_out4|push_sig_a  ; clk          ; clk         ; 0.000        ; 0.000      ; 6.600      ;
; 6.379 ; car_indicator:car|location[2] ; dest_setter:mcds|pushbutton:btn_car4|push_buf_a1 ; clk          ; clk         ; 0.000        ; 0.000      ; 6.600      ;
; 6.379 ; car_indicator:car|location[2] ; dest_setter:mcds|pushbutton:btn_car4|push_buf_a2 ; clk          ; clk         ; 0.000        ; 0.000      ; 6.600      ;
; 6.379 ; car_indicator:car|location[2] ; dest_setter:mcds|pushbutton:btn_out4|push_buf_a1 ; clk          ; clk         ; 0.000        ; 0.000      ; 6.600      ;
; 6.379 ; car_indicator:car|location[2] ; dest_setter:mcds|pushbutton:btn_out4|push_buf_a2 ; clk          ; clk         ; 0.000        ; 0.000      ; 6.600      ;
; 6.497 ; car_indicator:car|location[2] ; dest_setter:mcds|pushbutton:btn_car3|push_sig_a  ; clk          ; clk         ; 0.000        ; 0.000      ; 6.718      ;
; 6.497 ; car_indicator:car|location[2] ; dest_setter:mcds|pushbutton:btn_car3|push_buf_a1 ; clk          ; clk         ; 0.000        ; 0.000      ; 6.718      ;
; 6.571 ; car_indicator:car|location[2] ; dest_setter:mcds|pushbutton:btn_out3|push_sig_a  ; clk          ; clk         ; 0.000        ; 0.000      ; 6.792      ;
; 6.571 ; car_indicator:car|location[2] ; dest_setter:mcds|pushbutton:btn_out3|push_buf_a2 ; clk          ; clk         ; 0.000        ; 0.000      ; 6.792      ;
; 6.591 ; car_indicator:car|location[1] ; dest_setter:mcds|pushbutton:btn_out3|push_buf_a1 ; clk          ; clk         ; 0.000        ; 0.000      ; 6.812      ;
; 6.621 ; car_indicator:car|location[0] ; dest_setter:mcds|pushbutton:btn_car1|push_sig_a  ; clk          ; clk         ; 0.000        ; 0.000      ; 6.842      ;
; 6.621 ; car_indicator:car|location[0] ; dest_setter:mcds|pushbutton:btn_out1|push_sig_a  ; clk          ; clk         ; 0.000        ; 0.000      ; 6.842      ;
; 6.621 ; car_indicator:car|location[0] ; dest_setter:mcds|pushbutton:btn_car1|push_buf_a1 ; clk          ; clk         ; 0.000        ; 0.000      ; 6.842      ;
; 6.621 ; car_indicator:car|location[0] ; dest_setter:mcds|pushbutton:btn_car1|push_buf_a2 ; clk          ; clk         ; 0.000        ; 0.000      ; 6.842      ;
; 6.621 ; car_indicator:car|location[0] ; dest_setter:mcds|pushbutton:btn_out1|push_buf_a1 ; clk          ; clk         ; 0.000        ; 0.000      ; 6.842      ;
; 6.621 ; car_indicator:car|location[0] ; dest_setter:mcds|pushbutton:btn_out1|push_buf_a2 ; clk          ; clk         ; 0.000        ; 0.000      ; 6.842      ;
; 6.627 ; car_indicator:car|location[2] ; dest_setter:mcds|pushbutton:btn_car2|push_sig_a  ; clk          ; clk         ; 0.000        ; 0.000      ; 6.848      ;
; 6.627 ; car_indicator:car|location[2] ; dest_setter:mcds|pushbutton:btn_out2|push_sig_a  ; clk          ; clk         ; 0.000        ; 0.000      ; 6.848      ;
; 6.627 ; car_indicator:car|location[2] ; dest_setter:mcds|pushbutton:btn_car2|push_buf_a1 ; clk          ; clk         ; 0.000        ; 0.000      ; 6.848      ;
; 6.627 ; car_indicator:car|location[2] ; dest_setter:mcds|pushbutton:btn_car2|push_buf_a2 ; clk          ; clk         ; 0.000        ; 0.000      ; 6.848      ;
; 6.627 ; car_indicator:car|location[2] ; dest_setter:mcds|pushbutton:btn_out2|push_buf_a1 ; clk          ; clk         ; 0.000        ; 0.000      ; 6.848      ;
; 6.627 ; car_indicator:car|location[2] ; dest_setter:mcds|pushbutton:btn_out2|push_buf_a2 ; clk          ; clk         ; 0.000        ; 0.000      ; 6.848      ;
; 6.658 ; car_indicator:car|location[2] ; dest_setter:mcds|pushbutton:btn_car1|push_sig_a  ; clk          ; clk         ; 0.000        ; 0.000      ; 6.879      ;
; 6.658 ; car_indicator:car|location[2] ; dest_setter:mcds|pushbutton:btn_out1|push_sig_a  ; clk          ; clk         ; 0.000        ; 0.000      ; 6.879      ;
; 6.658 ; car_indicator:car|location[2] ; dest_setter:mcds|pushbutton:btn_car1|push_buf_a1 ; clk          ; clk         ; 0.000        ; 0.000      ; 6.879      ;
; 6.658 ; car_indicator:car|location[2] ; dest_setter:mcds|pushbutton:btn_car1|push_buf_a2 ; clk          ; clk         ; 0.000        ; 0.000      ; 6.879      ;
; 6.658 ; car_indicator:car|location[2] ; dest_setter:mcds|pushbutton:btn_out1|push_buf_a1 ; clk          ; clk         ; 0.000        ; 0.000      ; 6.879      ;
; 6.658 ; car_indicator:car|location[2] ; dest_setter:mcds|pushbutton:btn_out1|push_buf_a2 ; clk          ; clk         ; 0.000        ; 0.000      ; 6.879      ;
; 6.670 ; car_indicator:car|location[0] ; dest_setter:mcds|pushbutton:btn_car2|push_sig_a  ; clk          ; clk         ; 0.000        ; 0.000      ; 6.891      ;
; 6.670 ; car_indicator:car|location[0] ; dest_setter:mcds|pushbutton:btn_out2|push_sig_a  ; clk          ; clk         ; 0.000        ; 0.000      ; 6.891      ;
; 6.670 ; car_indicator:car|location[0] ; dest_setter:mcds|pushbutton:btn_car2|push_buf_a1 ; clk          ; clk         ; 0.000        ; 0.000      ; 6.891      ;
; 6.670 ; car_indicator:car|location[0] ; dest_setter:mcds|pushbutton:btn_car2|push_buf_a2 ; clk          ; clk         ; 0.000        ; 0.000      ; 6.891      ;
; 6.670 ; car_indicator:car|location[0] ; dest_setter:mcds|pushbutton:btn_out2|push_buf_a1 ; clk          ; clk         ; 0.000        ; 0.000      ; 6.891      ;
; 6.670 ; car_indicator:car|location[0] ; dest_setter:mcds|pushbutton:btn_out2|push_buf_a2 ; clk          ; clk         ; 0.000        ; 0.000      ; 6.891      ;
; 6.788 ; car_indicator:car|state[1]    ; dest_setter:mcds|pushbutton:btn_out3|push_buf_a1 ; clk          ; clk         ; 0.000        ; 0.000      ; 7.009      ;
; 6.790 ; car_indicator:car|location[0] ; dest_setter:mcds|pushbutton:btn_out5|push_sig_a  ; clk          ; clk         ; 0.000        ; 0.000      ; 7.011      ;
; 6.790 ; car_indicator:car|location[0] ; dest_setter:mcds|pushbutton:btn_car5|push_sig_a  ; clk          ; clk         ; 0.000        ; 0.000      ; 7.011      ;
; 6.790 ; car_indicator:car|location[0] ; dest_setter:mcds|pushbutton:btn_car5|push_buf_a1 ; clk          ; clk         ; 0.000        ; 0.000      ; 7.011      ;
; 6.790 ; car_indicator:car|location[0] ; dest_setter:mcds|pushbutton:btn_car5|push_buf_a2 ; clk          ; clk         ; 0.000        ; 0.000      ; 7.011      ;
; 6.790 ; car_indicator:car|location[0] ; dest_setter:mcds|pushbutton:btn_out5|push_buf_a1 ; clk          ; clk         ; 0.000        ; 0.000      ; 7.011      ;
; 6.790 ; car_indicator:car|location[0] ; dest_setter:mcds|pushbutton:btn_out5|push_buf_a2 ; clk          ; clk         ; 0.000        ; 0.000      ; 7.011      ;
; 6.820 ; car_indicator:car|location[1] ; dest_setter:mcds|pushbutton:btn_car3|push_sig_a  ; clk          ; clk         ; 0.000        ; 0.000      ; 7.041      ;
; 6.820 ; car_indicator:car|location[1] ; dest_setter:mcds|pushbutton:btn_car3|push_buf_a1 ; clk          ; clk         ; 0.000        ; 0.000      ; 7.041      ;
; 6.894 ; car_indicator:car|location[1] ; dest_setter:mcds|pushbutton:btn_out3|push_sig_a  ; clk          ; clk         ; 0.000        ; 0.000      ; 7.115      ;
; 6.894 ; car_indicator:car|location[1] ; dest_setter:mcds|pushbutton:btn_out3|push_buf_a2 ; clk          ; clk         ; 0.000        ; 0.000      ; 7.115      ;
; 6.950 ; car_indicator:car|location[1] ; dest_setter:mcds|pushbutton:btn_car2|push_sig_a  ; clk          ; clk         ; 0.000        ; 0.000      ; 7.171      ;
; 6.950 ; car_indicator:car|location[1] ; dest_setter:mcds|pushbutton:btn_out2|push_sig_a  ; clk          ; clk         ; 0.000        ; 0.000      ; 7.171      ;
; 6.950 ; car_indicator:car|location[1] ; dest_setter:mcds|pushbutton:btn_car2|push_buf_a1 ; clk          ; clk         ; 0.000        ; 0.000      ; 7.171      ;
; 6.950 ; car_indicator:car|location[1] ; dest_setter:mcds|pushbutton:btn_car2|push_buf_a2 ; clk          ; clk         ; 0.000        ; 0.000      ; 7.171      ;
; 6.950 ; car_indicator:car|location[1] ; dest_setter:mcds|pushbutton:btn_out2|push_buf_a1 ; clk          ; clk         ; 0.000        ; 0.000      ; 7.171      ;
; 6.950 ; car_indicator:car|location[1] ; dest_setter:mcds|pushbutton:btn_out2|push_buf_a2 ; clk          ; clk         ; 0.000        ; 0.000      ; 7.171      ;
; 6.952 ; car_indicator:car|location[1] ; dest_setter:mcds|pushbutton:btn_car1|push_sig_a  ; clk          ; clk         ; 0.000        ; 0.000      ; 7.173      ;
; 6.952 ; car_indicator:car|location[1] ; dest_setter:mcds|pushbutton:btn_out1|push_sig_a  ; clk          ; clk         ; 0.000        ; 0.000      ; 7.173      ;
; 6.952 ; car_indicator:car|location[1] ; dest_setter:mcds|pushbutton:btn_car1|push_buf_a1 ; clk          ; clk         ; 0.000        ; 0.000      ; 7.173      ;
; 6.952 ; car_indicator:car|location[1] ; dest_setter:mcds|pushbutton:btn_car1|push_buf_a2 ; clk          ; clk         ; 0.000        ; 0.000      ; 7.173      ;
; 6.952 ; car_indicator:car|location[1] ; dest_setter:mcds|pushbutton:btn_out1|push_buf_a1 ; clk          ; clk         ; 0.000        ; 0.000      ; 7.173      ;
; 6.952 ; car_indicator:car|location[1] ; dest_setter:mcds|pushbutton:btn_out1|push_buf_a2 ; clk          ; clk         ; 0.000        ; 0.000      ; 7.173      ;
; 7.017 ; car_indicator:car|state[1]    ; dest_setter:mcds|pushbutton:btn_car3|push_sig_a  ; clk          ; clk         ; 0.000        ; 0.000      ; 7.238      ;
; 7.017 ; car_indicator:car|state[1]    ; dest_setter:mcds|pushbutton:btn_car3|push_buf_a1 ; clk          ; clk         ; 0.000        ; 0.000      ; 7.238      ;
; 7.091 ; car_indicator:car|state[1]    ; dest_setter:mcds|pushbutton:btn_out3|push_sig_a  ; clk          ; clk         ; 0.000        ; 0.000      ; 7.312      ;
; 7.091 ; car_indicator:car|state[1]    ; dest_setter:mcds|pushbutton:btn_out3|push_buf_a2 ; clk          ; clk         ; 0.000        ; 0.000      ; 7.312      ;
; 7.121 ; car_indicator:car|location[1] ; dest_setter:mcds|pushbutton:btn_out5|push_sig_a  ; clk          ; clk         ; 0.000        ; 0.000      ; 7.342      ;
; 7.121 ; car_indicator:car|location[1] ; dest_setter:mcds|pushbutton:btn_car5|push_sig_a  ; clk          ; clk         ; 0.000        ; 0.000      ; 7.342      ;
; 7.121 ; car_indicator:car|location[1] ; dest_setter:mcds|pushbutton:btn_car5|push_buf_a1 ; clk          ; clk         ; 0.000        ; 0.000      ; 7.342      ;
; 7.121 ; car_indicator:car|location[1] ; dest_setter:mcds|pushbutton:btn_car5|push_buf_a2 ; clk          ; clk         ; 0.000        ; 0.000      ; 7.342      ;
+-------+-------------------------------+--------------------------------------------------+--------------+-------------+--------------+------------+------------+


+-------------------------------------------------------------------+
; Setup Transfers                                                   ;
+------------+----------+----------+----------+----------+----------+
; From Clock ; To Clock ; RR Paths ; FR Paths ; RF Paths ; FF Paths ;
+------------+----------+----------+----------+----------+----------+
; clk        ; clk      ; 1838     ; 0        ; 0        ; 0        ;
+------------+----------+----------+----------+----------+----------+
Entries labeled "false path" only account for clock-to-clock false paths and not path-based false paths. As a result, actual path counts may be lower than reported.


+-------------------------------------------------------------------+
; Hold Transfers                                                    ;
+------------+----------+----------+----------+----------+----------+
; From Clock ; To Clock ; RR Paths ; FR Paths ; RF Paths ; FF Paths ;
+------------+----------+----------+----------+----------+----------+
; clk        ; clk      ; 1838     ; 0        ; 0        ; 0        ;
+------------+----------+----------+----------+----------+----------+
Entries labeled "false path" only account for clock-to-clock false paths and not path-based false paths. As a result, actual path counts may be lower than reported.


+-------------------------------------------------------------------+
; Recovery Transfers                                                ;
+------------+----------+----------+----------+----------+----------+
; From Clock ; To Clock ; RR Paths ; FR Paths ; RF Paths ; FF Paths ;
+------------+----------+----------+----------+----------+----------+
; clk        ; clk      ; 120      ; 0        ; 0        ; 0        ;
+------------+----------+----------+----------+----------+----------+
Entries labeled "false path" only account for clock-to-clock false paths and not path-based false paths. As a result, actual path counts may be lower than reported.


+-------------------------------------------------------------------+
; Removal Transfers                                                 ;
+------------+----------+----------+----------+----------+----------+
; From Clock ; To Clock ; RR Paths ; FR Paths ; RF Paths ; FF Paths ;
+------------+----------+----------+----------+----------+----------+
; clk        ; clk      ; 120      ; 0        ; 0        ; 0        ;
+------------+----------+----------+----------+----------+----------+
Entries labeled "false path" only account for clock-to-clock false paths and not path-based false paths. As a result, actual path counts may be lower than reported.


---------------
; Report TCCS ;
---------------
No dedicated SERDES Transmitter circuitry present in device or used in design


---------------
; Report RSKM ;
---------------
No non-DPA dedicated SERDES Receiver circuitry present in device or used in design


+------------------------------------------------+
; Unconstrained Paths Summary                    ;
+---------------------------------+-------+------+
; Property                        ; Setup ; Hold ;
+---------------------------------+-------+------+
; Illegal Clocks                  ; 0     ; 0    ;
; Unconstrained Clocks            ; 0     ; 0    ;
; Unconstrained Input Ports       ; 14    ; 14   ;
; Unconstrained Input Port Paths  ; 157   ; 157  ;
; Unconstrained Output Ports      ; 23    ; 23   ;
; Unconstrained Output Port Paths ; 23    ; 23   ;
+---------------------------------+-------+------+


+-------------------------------------+
; Clock Status Summary                ;
+--------+-------+------+-------------+
; Target ; Clock ; Type ; Status      ;
+--------+-------+------+-------------+
; clk    ; clk   ; Base ; Constrained ;
+--------+-------+------+-------------+


+---------------------------------------------------------------------------------------------------+
; Unconstrained Input Ports                                                                         ;
+------------+--------------------------------------------------------------------------------------+
; Input Port ; Comment                                                                              ;
+------------+--------------------------------------------------------------------------------------+
; btncar[0]  ; No input delay, min/max delays, false-path exceptions, or max skew assignments found ;
; btncar[1]  ; No input delay, min/max delays, false-path exceptions, or max skew assignments found ;
; btncar[2]  ; No input delay, min/max delays, false-path exceptions, or max skew assignments found ;
; btncar[3]  ; No input delay, min/max delays, false-path exceptions, or max skew assignments found ;
; btncar[4]  ; No input delay, min/max delays, false-path exceptions, or max skew assignments found ;
; btnout[0]  ; No input delay, min/max delays, false-path exceptions, or max skew assignments found ;
; btnout[1]  ; No input delay, min/max delays, false-path exceptions, or max skew assignments found ;
; btnout[2]  ; No input delay, min/max delays, false-path exceptions, or max skew assignments found ;
; btnout[3]  ; No input delay, min/max delays, false-path exceptions, or max skew assignments found ;
; btnout[4]  ; No input delay, min/max delays, false-path exceptions, or max skew assignments found ;
; enable     ; No input delay, min/max delays, false-path exceptions, or max skew assignments found ;
; open       ; No input delay, min/max delays, false-path exceptions, or max skew assignments found ;
; resetn     ; No input delay, min/max delays, false-path exceptions, or max skew assignments found ;
; shut       ; No input delay, min/max delays, false-path exceptions, or max skew assignments found ;
+------------+--------------------------------------------------------------------------------------+


+---------------------------------------------------------------------------------------------------------+
; Unconstrained Output Ports                                                                              ;
+-----------------+---------------------------------------------------------------------------------------+
; Output Port     ; Comment                                                                               ;
+-----------------+---------------------------------------------------------------------------------------+
; btnidccar[0]    ; No output delay, min/max delays, false-path exceptions, or max skew assignments found ;
; btnidccar[1]    ; No output delay, min/max delays, false-path exceptions, or max skew assignments found ;
; btnidccar[2]    ; No output delay, min/max delays, false-path exceptions, or max skew assignments found ;
; btnidccar[3]    ; No output delay, min/max delays, false-path exceptions, or max skew assignments found ;
; btnidccar[4]    ; No output delay, min/max delays, false-path exceptions, or max skew assignments found ;
; btnidcout[0]    ; No output delay, min/max delays, false-path exceptions, or max skew assignments found ;
; btnidcout[1]    ; No output delay, min/max delays, false-path exceptions, or max skew assignments found ;
; btnidcout[2]    ; No output delay, min/max delays, false-path exceptions, or max skew assignments found ;
; btnidcout[3]    ; No output delay, min/max delays, false-path exceptions, or max skew assignments found ;
; btnidcout[4]    ; No output delay, min/max delays, false-path exceptions, or max skew assignments found ;
; car_location[0] ; No output delay, min/max delays, false-path exceptions, or max skew assignments found ;
; car_location[1] ; No output delay, min/max delays, false-path exceptions, or max skew assignments found ;
; car_location[2] ; No output delay, min/max delays, false-path exceptions, or max skew assignments found ;
; dest[0]         ; No output delay, min/max delays, false-path exceptions, or max skew assignments found ;
; dest[1]         ; No output delay, min/max delays, false-path exceptions, or max skew assignments found ;
; dest[2]         ; No output delay, min/max delays, false-path exceptions, or max skew assignments found ;
; doorcnt[0]      ; No output delay, min/max delays, false-path exceptions, or max skew assignments found ;
; doorcnt[1]      ; No output delay, min/max delays, false-path exceptions, or max skew assignments found ;
; doorcnt[2]      ; No output delay, min/max delays, false-path exceptions, or max skew assignments found ;
; movecnt[0]      ; No output delay, min/max delays, false-path exceptions, or max skew assignments found ;
; movecnt[1]      ; No output delay, min/max delays, false-path exceptions, or max skew assignments found ;
; state[0]        ; No output delay, min/max delays, false-path exceptions, or max skew assignments found ;
; state[1]        ; No output delay, min/max delays, false-path exceptions, or max skew assignments found ;
+-----------------+---------------------------------------------------------------------------------------+


+---------------------------------------------------------------------------------------------------+
; Unconstrained Input Ports                                                                         ;
+------------+--------------------------------------------------------------------------------------+
; Input Port ; Comment                                                                              ;
+------------+--------------------------------------------------------------------------------------+
; btncar[0]  ; No input delay, min/max delays, false-path exceptions, or max skew assignments found ;
; btncar[1]  ; No input delay, min/max delays, false-path exceptions, or max skew assignments found ;
; btncar[2]  ; No input delay, min/max delays, false-path exceptions, or max skew assignments found ;
; btncar[3]  ; No input delay, min/max delays, false-path exceptions, or max skew assignments found ;
; btncar[4]  ; No input delay, min/max delays, false-path exceptions, or max skew assignments found ;
; btnout[0]  ; No input delay, min/max delays, false-path exceptions, or max skew assignments found ;
; btnout[1]  ; No input delay, min/max delays, false-path exceptions, or max skew assignments found ;
; btnout[2]  ; No input delay, min/max delays, false-path exceptions, or max skew assignments found ;
; btnout[3]  ; No input delay, min/max delays, false-path exceptions, or max skew assignments found ;
; btnout[4]  ; No input delay, min/max delays, false-path exceptions, or max skew assignments found ;
; enable     ; No input delay, min/max delays, false-path exceptions, or max skew assignments found ;
; open       ; No input delay, min/max delays, false-path exceptions, or max skew assignments found ;
; resetn     ; No input delay, min/max delays, false-path exceptions, or max skew assignments found ;
; shut       ; No input delay, min/max delays, false-path exceptions, or max skew assignments found ;
+------------+--------------------------------------------------------------------------------------+


+---------------------------------------------------------------------------------------------------------+
; Unconstrained Output Ports                                                                              ;
+-----------------+---------------------------------------------------------------------------------------+
; Output Port     ; Comment                                                                               ;
+-----------------+---------------------------------------------------------------------------------------+
; btnidccar[0]    ; No output delay, min/max delays, false-path exceptions, or max skew assignments found ;
; btnidccar[1]    ; No output delay, min/max delays, false-path exceptions, or max skew assignments found ;
; btnidccar[2]    ; No output delay, min/max delays, false-path exceptions, or max skew assignments found ;
; btnidccar[3]    ; No output delay, min/max delays, false-path exceptions, or max skew assignments found ;
; btnidccar[4]    ; No output delay, min/max delays, false-path exceptions, or max skew assignments found ;
; btnidcout[0]    ; No output delay, min/max delays, false-path exceptions, or max skew assignments found ;
; btnidcout[1]    ; No output delay, min/max delays, false-path exceptions, or max skew assignments found ;
; btnidcout[2]    ; No output delay, min/max delays, false-path exceptions, or max skew assignments found ;
; btnidcout[3]    ; No output delay, min/max delays, false-path exceptions, or max skew assignments found ;
; btnidcout[4]    ; No output delay, min/max delays, false-path exceptions, or max skew assignments found ;
; car_location[0] ; No output delay, min/max delays, false-path exceptions, or max skew assignments found ;
; car_location[1] ; No output delay, min/max delays, false-path exceptions, or max skew assignments found ;
; car_location[2] ; No output delay, min/max delays, false-path exceptions, or max skew assignments found ;
; dest[0]         ; No output delay, min/max delays, false-path exceptions, or max skew assignments found ;
; dest[1]         ; No output delay, min/max delays, false-path exceptions, or max skew assignments found ;
; dest[2]         ; No output delay, min/max delays, false-path exceptions, or max skew assignments found ;
; doorcnt[0]      ; No output delay, min/max delays, false-path exceptions, or max skew assignments found ;
; doorcnt[1]      ; No output delay, min/max delays, false-path exceptions, or max skew assignments found ;
; doorcnt[2]      ; No output delay, min/max delays, false-path exceptions, or max skew assignments found ;
; movecnt[0]      ; No output delay, min/max delays, false-path exceptions, or max skew assignments found ;
; movecnt[1]      ; No output delay, min/max delays, false-path exceptions, or max skew assignments found ;
; state[0]        ; No output delay, min/max delays, false-path exceptions, or max skew assignments found ;
; state[1]        ; No output delay, min/max delays, false-path exceptions, or max skew assignments found ;
+-----------------+---------------------------------------------------------------------------------------+


+------------------------------------+
; TimeQuest Timing Analyzer Messages ;
+------------------------------------+
Info: *******************************************************************
Info: Running Quartus Prime TimeQuest Timing Analyzer
    Info: Version 17.1.0 Build 590 10/25/2017 SJ Lite Edition
    Info: Processing started: Sun Jun 02 01:52:06 2019
Info: Command: quartus_sta main_module -c main_module
Info: qsta_default_script.tcl version: #3
Warning (18236): Number of processors has not been specified which may cause overloading on shared machines.  Set the global assignment NUM_PARALLEL_PROCESSORS in your QSF to an appropriate value for best performance.
Info (20030): Parallel compilation is enabled and will use 2 of the 2 processors detected
Info (21077): Low junction temperature is 0 degrees C
Info (21077): High junction temperature is 85 degrees C
Info (334003): Started post-fitting delay annotation
Info (334004): Delay annotation completed successfully
Critical Warning (332012): Synopsys Design Constraints File file not found: 'main_module.sdc'. A Synopsys Design Constraints File is required by the TimeQuest Timing Analyzer to get proper timing constraints. Without it, the Compiler will not properly optimize the design.
Info (332142): No user constrained base clocks found in the design. Calling "derive_clocks -period 1.0"
Info (332105): Deriving Clocks
    Info (332105): create_clock -period 1.000 -name clk clk
Info: Found TIMEQUEST_REPORT_SCRIPT_INCLUDE_DEFAULT_ANALYSIS = ON
Info: Can't run Report Timing Closure Recommendations. The current device family is not supported.
Critical Warning (332148): Timing requirements not met
Info (332146): Worst-case setup slack is -10.690
    Info (332119):     Slack       End Point TNS Clock 
    Info (332119): ========= =================== =====================
    Info (332119):   -10.690            -366.399 clk 
Info (332146): Worst-case hold slack is 1.421
    Info (332119):     Slack       End Point TNS Clock 
    Info (332119): ========= =================== =====================
    Info (332119):     1.421               0.000 clk 
Info (332146): Worst-case recovery slack is -6.858
    Info (332119):     Slack       End Point TNS Clock 
    Info (332119): ========= =================== =====================
    Info (332119):    -6.858            -195.172 clk 
Info (332146): Worst-case removal slack is 3.953
    Info (332119):     Slack       End Point TNS Clock 
    Info (332119): ========= =================== =====================
    Info (332119):     3.953               0.000 clk 
Info (332146): Worst-case minimum pulse width slack is -2.289
    Info (332119):     Slack       End Point TNS Clock 
    Info (332119): ========= =================== =====================
    Info (332119):    -2.289              -2.289 clk 
Info (332001): The selected device family is not supported by the report_metastability command.
Info (332102): Design is not fully constrained for setup requirements
Info (332102): Design is not fully constrained for hold requirements
Info: Quartus Prime TimeQuest Timing Analyzer was successful. 0 errors, 3 warnings
    Info: Peak virtual memory: 4674 megabytes
    Info: Processing ended: Sun Jun 02 01:52:09 2019
    Info: Elapsed time: 00:00:03
    Info: Total CPU time (on all processors): 00:00:03


